#
# A fatal error has been detected by the Java Runtime Environment:
#
#  EXCEPTION_ACCESS_VIOLATION (0xc0000005) at pc=0x00007ffe77da0273, pid=34484, tid=26772
#
# JRE version: OpenJDK Runtime Environment Temurin-11.0.16.1+1 (11.0.16.1+1) (build 11.0.16.1+1)
# Java VM: OpenJDK 64-Bit Server VM Temurin-11.0.16.1+1 (11.0.16.1+1, mixed mode, tiered, compressed oops, g1 gc, windows-amd64)
# Problematic frame:
# C  [ig9icd64.dll+0x40273]
#
# No core dump will be written. Minidumps are not enabled by default on client versions of Windows
#
# If you would like to submit a bug report, please visit:
#   https://github.com/adoptium/adoptium-support/issues
# The crash happened outside the Java Virtual Machine in native code.
# See problematic frame for where to report the bug.
#

---------------  S U M M A R Y ------------

Command Line: -Duser.language=es_AR -Dfile.encoding=UTF-8 org.uqbar.project.wollok.launch.WollokLauncher -r -dd -requestsPort 0 -eventsPort 0 -dynamicDiagramPort 49593 -folder -wf src/juego.wlk

Host: Intel(R) Core(TM) i7-7500U CPU @ 2.70GHz, 4 cores, 11G,  Windows 10 , 64 bit Build 19041 (10.0.19041.1889)
Time: Thu Oct  6 21:45:01 2022 Hora estándar de Argentina elapsed time: 11694.182830 seconds (0d 3h 14m 54s)

---------------  T H R E A D  ---------------

Current thread (0x000001dbd4e47000):  JavaThread "LWJGL Application" [_thread_in_native, id=26772, stack(0x0000002557400000,0x0000002557500000)]

Stack: [0x0000002557400000,0x0000002557500000],  sp=0x00000025574fd000,  free space=1012k
Native frames: (J=compiled Java code, j=interpreted, Vv=VM code, C=native code)
C  [ig9icd64.dll+0x40273]

Java frames: (J=compiled Java code, j=interpreted, Vv=VM code)
J 4539  org.lwjgl.opengl.GL11.nglDrawElements(IIIJJ)V (0 bytes) @ 0x000001dbc25cb726 [0x000001dbc25cb6c0+0x0000000000000066]
J 5065 c2 com.badlogic.gdx.graphics.g2d.SpriteBatch.flush()V (193 bytes) @ 0x000001dbc2702610 [0x000001dbc2702020+0x00000000000005f0]
J 5128 c2 com.badlogic.gdx.graphics.g2d.SpriteBatch.switchTexture(Lcom/badlogic/gdx/graphics/Texture;)V (32 bytes) @ 0x000001dbc2714c1c [0x000001dbc2714be0+0x000000000000003c]
J 4361 c2 org.uqbar.project.wollok.game.gameboard.Window.draw(Lorg/uqbar/project/wollok/game/Image;Lorg/uqbar/project/wollok/game/Position;)V (30 bytes) @ 0x000001dbc25a74c0 [0x000001dbc25a6dc0+0x0000000000000700]
J 5196 c2 org.uqbar.project.wollok.game.gameboard.Gameboard$1.accept(Ljava/lang/Object;)V (9 bytes) @ 0x000001dbc272e5d8 [0x000001dbc272e2e0+0x00000000000002f8]
J 5254 c2 org.uqbar.project.wollok.game.gameboard.GameboardRendering.render()V (26 bytes) @ 0x000001dbc2751328 [0x000001dbc2750c80+0x00000000000006a8]
J 5279% c2 com.badlogic.gdx.backends.lwjgl.LwjglApplication.mainLoop()V (886 bytes) @ 0x000001dbc2759640 [0x000001dbc27592e0+0x0000000000000360]
j  com.badlogic.gdx.backends.lwjgl.LwjglApplication$1.run()V+27
v  ~StubRoutines::call_stub

siginfo: EXCEPTION_ACCESS_VIOLATION (0xc0000005), reading address 0x0000000000000000


Register to memory mapping:

RIP=0x00007ffe77da0273 ig9icd64.dll
RAX=0x0 is NULL
RBX=0x000001dbd61004c0 points into unknown readable memory: 0x000001dbd416ba40 | 40 ba 16 d4 db 01 00 00
RCX=0x0 is NULL
RDX=0x000001dd08711a50 points into unknown readable memory: 0x000001dbd4c31de0 | e0 1d c3 d4 db 01 00 00
RSP=0x00000025574fd000 is pointing into the stack for thread: 0x000001dbd4e47000
RBP=0x000001dbd4555f80 points into unknown readable memory: 0x00007ffec2872e00 | 00 2e 87 c2 fe 7f 00 00
RSI=0x000001dd08711a50 points into unknown readable memory: 0x000001dbd4c31de0 | e0 1d c3 d4 db 01 00 00
RDI=0x000001dbd4555f80 points into unknown readable memory: 0x00007ffec2872e00 | 00 2e 87 c2 fe 7f 00 00
R8 =0x000001dd08711a50 points into unknown readable memory: 0x000001dbd4c31de0 | e0 1d c3 d4 db 01 00 00
R9 =0x000001dbd4555f01 points into unknown readable memory: 00 00 00 e8 22 e0 22
R10=0x0 is NULL
R11=0x0000000000000246 is an unknown value
R12=0x000001dbd3f3f378 points into unknown readable memory: 0x000001dd08711a50 | 50 1a 71 08 dd 01 00 00
R13=0x000001dbd4555f80 points into unknown readable memory: 0x00007ffec2872e00 | 00 2e 87 c2 fe 7f 00 00
R14=0x0000000000000001 is an unknown value
R15=0x000001dbd3f3f310 points into unknown readable memory: 0x00007ffe78791e00 | 00 1e 79 78 fe 7f 00 00


Registers:
RAX=0x0000000000000000, RBX=0x000001dbd61004c0, RCX=0x0000000000000000, RDX=0x000001dd08711a50
RSP=0x00000025574fd000, RBP=0x000001dbd4555f80, RSI=0x000001dd08711a50, RDI=0x000001dbd4555f80
R8 =0x000001dd08711a50, R9 =0x000001dbd4555f01, R10=0x0000000000000000, R11=0x0000000000000246
R12=0x000001dbd3f3f378, R13=0x000001dbd4555f80, R14=0x0000000000000001, R15=0x000001dbd3f3f310
RIP=0x00007ffe77da0273, EFLAGS=0x0000000000010202

Top of Stack: (sp=0x00000025574fd000)
0x00000025574fd000:   000001dbd4c31de0 0000000000000000
0x00000025574fd010:   0000000000000000 00007ffec3c9f2c7
0x00000025574fd020:   0000000000000001 00007ffe77d86fc7
0x00000025574fd030:   000001dd08711a50 000001dbd61004c0
0x00000025574fd040:   000001dbd4c31de0 00007ffe77d9d407
0x00000025574fd050:   000001dd0871e4d0 000001dbd4555f80
0x00000025574fd060:   000001dd0871e4d0 000001dd0871e598
0x00000025574fd070:   000001dbd4c31de0 0000000000000001
0x00000025574fd080:   0000000000000001 000001dbd4555f80
0x00000025574fd090:   0000000000000000 000001dbd4555f80
0x00000025574fd0a0:   000001dd08711a70 00007ffe77d84f0a
0x00000025574fd0b0:   000001dd0871e4d0 000001dbd61004c0
0x00000025574fd0c0:   000001dd08793e90 0000000000000000
0x00000025574fd0d0:   0000000000000000 000001dd00000000
0x00000025574fd0e0:   0000000000000000 0000000000000000
0x00000025574fd0f0:   000001dbd3f3f310 0000000000000001 

Instructions: (pc=0x00007ffe77da0273)
0x00007ffe77da0173:   00 48 8b 05 d5 13 c3 00 4c 8d 44 24 30 c7 44 24
0x00007ffe77da0183:   30 48 03 00 00 33 db 33 d2 33 c9 48 8b 80 28 14
0x00007ffe77da0193:   00 00 44 8d 4b 01 ff 15 e9 a4 9d 00 85 c0 74 33
0x00007ffe77da01a3:   f6 84 24 74 01 00 00 04 75 4c 48 8b 05 9c 13 c3
0x00007ffe77da01b3:   00 4c 8d 44 24 30 ff c3 41 b9 01 00 00 00 8b d3
0x00007ffe77da01c3:   33 c9 48 8b 80 28 14 00 00 ff 15 b6 a4 9d 00 85
0x00007ffe77da01d3:   c0 75 cd 33 c0 48 8b 8c 24 80 03 00 00 48 33 cc
0x00007ffe77da01e3:   e8 78 89 8e 00 48 8b 9c 24 a8 03 00 00 48 81 c4
0x00007ffe77da01f3:   90 03 00 00 5f c3 4c 8d 44 24 34 ba 20 00 00 00
0x00007ffe77da0203:   48 8b cf e8 c9 5a 8f 00 b8 01 00 00 00 eb c6 cc
0x00007ffe77da0213:   cc cc cc cc cc cc cc cc cc cc cc cc cc 48 85 d2
0x00007ffe77da0223:   0f 84 f4 00 00 00 48 89 5c 24 08 48 89 74 24 18
0x00007ffe77da0233:   57 48 83 ec 20 48 8b f2 48 8b f9 48 8b 1d 4b ee
0x00007ffe77da0243:   e0 00 48 89 5c 24 38 48 8b cb ff 15 7d a0 9d 00
0x00007ffe77da0253:   90 48 8b 87 80 02 00 00 48 89 86 90 04 00 00 48
0x00007ffe77da0263:   89 b7 80 02 00 00 ff 87 88 02 00 00 48 8b 4e 08
0x00007ffe77da0273:   48 8b 01 ba 01 00 00 00 48 8b 80 d0 02 00 00 ff
0x00007ffe77da0283:   15 00 a4 9d 00 48 01 87 a0 02 00 00 48 8b 4e 08
0x00007ffe77da0293:   48 8b 01 ba 01 00 00 00 48 8b 80 d0 02 00 00 ff
0x00007ffe77da02a3:   15 e0 a3 9d 00 0f b7 c8 48 8b 97 90 02 00 00 48
0x00007ffe77da02b3:   2b d1 48 8d 88 00 00 01 00 48 03 ca 48 89 8f 90
0x00007ffe77da02c3:   02 00 00 48 8b 87 00 03 00 00 48 03 87 a0 02 00
0x00007ffe77da02d3:   00 48 8b 15 75 12 c3 00 48 3b 82 c0 06 00 00 77
0x00007ffe77da02e3:   10 48 03 8f 08 03 00 00 48 3b 8a c8 06 00 00 76
0x00007ffe77da02f3:   11 45 33 c9 45 33 c0 48 8b d7 33 c9 e8 3c 01 00
0x00007ffe77da0303:   00 90 48 8b cb ff 15 ba 9f 9d 00 48 8b 5c 24 30
0x00007ffe77da0313:   48 8b 74 24 40 48 83 c4 20 5f c3 cc cc cc cc cc
0x00007ffe77da0323:   cc cc cc cc cc cc cc cc cc cc cc cc cc 48 89 5c
0x00007ffe77da0333:   24 10 48 89 6c 24 18 48 89 74 24 20 57 48 83 ec
0x00007ffe77da0343:   20 48 8b f2 48 8b e9 48 8b 1d 3f ed e0 00 48 89
0x00007ffe77da0353:   5c 24 30 48 8b cb ff 15 71 9f 9d 00 90 48 8b bd
0x00007ffe77da0363:   80 02 00 00 33 c0 48 85 ff 74 16 66 90 48 3b fe 


Stack slot to memory mapping:
stack at sp + 0 slots: 0x000001dbd4c31de0 points into unknown readable memory: 0x000001db00000000 | 00 00 00 00 db 01 00 00
stack at sp + 1 slots: 0x0 is NULL
stack at sp + 2 slots: 0x0 is NULL
stack at sp + 3 slots: 0x00007ffec3c9f2c7 ntdll.dll
stack at sp + 4 slots: 0x0000000000000001 is an unknown value
stack at sp + 5 slots: 0x00007ffe77d86fc7 ig9icd64.dll
stack at sp + 6 slots: 0x000001dd08711a50 points into unknown readable memory: 0x000001dbd4c31de0 | e0 1d c3 d4 db 01 00 00
stack at sp + 7 slots: 0x000001dbd61004c0 points into unknown readable memory: 0x000001dbd416ba40 | 40 ba 16 d4 db 01 00 00


---------------  P R O C E S S  ---------------

Threads class SMR info:
_java_thread_list=0x000001dbd3fe8320, length=15, elements={
0x000001dbb217c000, 0x000001dbd378b800, 0x000001dbd3794000, 0x000001dbd2f5d800,
0x000001dbd2f5e800, 0x000001dbd37de800, 0x000001dbd37eb000, 0x000001dbd37f6800,
0x000001dbd37f9000, 0x000001dbd3979800, 0x000001dbd400f000, 0x000001dbd470e800,
0x000001dbd6138000, 0x000001dbd4e47000, 0x000001dbd4354800
}

Java Threads: ( => current thread )
  0x000001dbb217c000 JavaThread "main" [_thread_in_native, id=29808, stack(0x0000002555a00000,0x0000002555b00000)]
  0x000001dbd378b800 JavaThread "Reference Handler" daemon [_thread_blocked, id=33724, stack(0x0000002556100000,0x0000002556200000)]
  0x000001dbd3794000 JavaThread "Finalizer" daemon [_thread_blocked, id=32904, stack(0x0000002556200000,0x0000002556300000)]
  0x000001dbd2f5d800 JavaThread "Signal Dispatcher" daemon [_thread_blocked, id=29720, stack(0x0000002556300000,0x0000002556400000)]
  0x000001dbd2f5e800 JavaThread "Attach Listener" daemon [_thread_blocked, id=34284, stack(0x0000002556400000,0x0000002556500000)]
  0x000001dbd37de800 JavaThread "Service Thread" daemon [_thread_blocked, id=6368, stack(0x0000002556500000,0x0000002556600000)]
  0x000001dbd37eb000 JavaThread "C2 CompilerThread0" daemon [_thread_blocked, id=29820, stack(0x0000002556600000,0x0000002556700000)]
  0x000001dbd37f6800 JavaThread "C1 CompilerThread0" daemon [_thread_blocked, id=33764, stack(0x0000002556700000,0x0000002556800000)]
  0x000001dbd37f9000 JavaThread "Sweeper thread" daemon [_thread_blocked, id=13072, stack(0x0000002556800000,0x0000002556900000)]
  0x000001dbd3979800 JavaThread "Common-Cleaner" daemon [_thread_blocked, id=34164, stack(0x0000002556a00000,0x0000002556b00000)]
  0x000001dbd400f000 JavaThread "EMF Reference Cleaner" daemon [_thread_blocked, id=25064, stack(0x0000002556f00000,0x0000002557000000)]
  0x000001dbd470e800 JavaThread "com.google.inject.internal.util.$Finalizer" daemon [_thread_blocked, id=33456, stack(0x0000002557000000,0x0000002557100000)]
  0x000001dbd6138000 JavaThread "ConnectionHandler (127.0.0.1:49593)" daemon [_thread_in_native, id=20268, stack(0x0000002557100000,0x0000002557200000)]
=>0x000001dbd4e47000 JavaThread "LWJGL Application" [_thread_in_native, id=26772, stack(0x0000002557400000,0x0000002557500000)]
  0x000001dbd4354800 JavaThread "LWJGL Timer" daemon [_thread_blocked, id=27628, stack(0x0000002557800000,0x0000002557900000)]

Other Threads:
  0x000001dbd3766000 VMThread "VM Thread" [stack: 0x0000002556000000,0x0000002556100000] [id=30488]
  0x000001dbd3970800 WatcherThread [stack: 0x0000002556900000,0x0000002556a00000] [id=31944]
  0x000001dbb2193000 GCTaskThread "GC Thread#0" [stack: 0x0000002555b00000,0x0000002555c00000] [id=25108]
  0x000001dbd4394800 GCTaskThread "GC Thread#1" [stack: 0x0000002556c00000,0x0000002556d00000] [id=34752]
  0x000001dbd397d800 GCTaskThread "GC Thread#2" [stack: 0x0000002556d00000,0x0000002556e00000] [id=29536]
  0x000001dbd4666000 GCTaskThread "GC Thread#3" [stack: 0x0000002556e00000,0x0000002556f00000] [id=21480]
  0x000001dbb21dc800 ConcurrentGCThread "G1 Main Marker" [stack: 0x0000002555c00000,0x0000002555d00000] [id=19152]
  0x000001dbb21de000 ConcurrentGCThread "G1 Conc#0" [stack: 0x0000002555d00000,0x0000002555e00000] [id=25380]
  0x000001dbb224e800 ConcurrentGCThread "G1 Refine#0" [stack: 0x0000002555e00000,0x0000002555f00000] [id=26908]
  0x000001dbd2dc2000 ConcurrentGCThread "G1 Young RemSet Sampling" [stack: 0x0000002555f00000,0x0000002556000000] [id=29192]

Threads with active compile tasks:

VM state:not at safepoint (normal execution)

VM Mutex/Monitor currently owned by a thread: None

Heap address: 0x0000000741400000, size: 3052 MB, Compressed Oops mode: Zero based, Oop shift amount: 3
Narrow klass base: 0x0000000800000000, Narrow klass shift: 0
Compressed class space size: 1073741824 Address: 0x0000000800000000

Heap:
 garbage-first heap   total 236544K, used 112340K [0x0000000741400000, 0x0000000800000000)
  region size 1024K, 86 young (88064K), 1 survivors (1024K)
 Metaspace       used 31334K, capacity 31772K, committed 32000K, reserved 1077248K
  class space    used 3327K, capacity 3460K, committed 3584K, reserved 1048576K
Heap Regions: E=young(eden), S=young(survivor), O=old, HS=humongous(starts), HC=humongous(continues), CS=collection set, F=free, A=archive, TAMS=top-at-mark-start (previous, next)
|   0|0x0000000741400000, 0x0000000741500000, 0x0000000741500000|100%| O|  |TAMS 0x0000000741500000, 0x0000000741400000| Untracked 
|   1|0x0000000741500000, 0x0000000741600000, 0x0000000741600000|100%| O|  |TAMS 0x0000000741600000, 0x0000000741500000| Untracked 
|   2|0x0000000741600000, 0x0000000741700000, 0x0000000741700000|100%| O|  |TAMS 0x0000000741700000, 0x0000000741600000| Untracked 
|   3|0x0000000741700000, 0x0000000741800000, 0x0000000741800000|100%| O|  |TAMS 0x0000000741800000, 0x0000000741700000| Untracked 
|   4|0x0000000741800000, 0x0000000741900000, 0x0000000741900000|100%| O|  |TAMS 0x0000000741900000, 0x0000000741800000| Untracked 
|   5|0x0000000741900000, 0x0000000741a00000, 0x0000000741a00000|100%| O|  |TAMS 0x0000000741a00000, 0x0000000741900000| Untracked 
|   6|0x0000000741a00000, 0x0000000741b00000, 0x0000000741b00000|100%| O|  |TAMS 0x0000000741a00000, 0x0000000741a00000| Untracked 
|   7|0x0000000741b00000, 0x0000000741c00000, 0x0000000741c00000|100%| O|  |TAMS 0x0000000741c00000, 0x0000000741b00000| Untracked 
|   8|0x0000000741c00000, 0x0000000741d00000, 0x0000000741d00000|100%| O|  |TAMS 0x0000000741d00000, 0x0000000741c00000| Untracked 
|   9|0x0000000741d00000, 0x0000000741e00000, 0x0000000741e00000|100%| O|  |TAMS 0x0000000741e00000, 0x0000000741d00000| Untracked 
|  10|0x0000000741e00000, 0x0000000741f00000, 0x0000000741f00000|100%| O|  |TAMS 0x0000000741f00000, 0x0000000741e00000| Untracked 
|  11|0x0000000741f00000, 0x0000000742000000, 0x0000000742000000|100%| O|  |TAMS 0x0000000742000000, 0x0000000741f00000| Untracked 
|  12|0x0000000742000000, 0x0000000742100000, 0x0000000742100000|100%| O|  |TAMS 0x0000000742100000, 0x0000000742000000| Untracked 
|  13|0x0000000742100000, 0x0000000742200000, 0x0000000742200000|100%| O|  |TAMS 0x0000000742200000, 0x0000000742100000| Untracked 
|  14|0x0000000742200000, 0x0000000742300000, 0x0000000742300000|100%| O|  |TAMS 0x0000000742300000, 0x0000000742200000| Untracked 
|  15|0x0000000742300000, 0x0000000742400000, 0x0000000742400000|100%| O|  |TAMS 0x0000000742400000, 0x0000000742300000| Untracked 
|  16|0x0000000742400000, 0x0000000742500000, 0x0000000742500000|100%| O|  |TAMS 0x0000000742500000, 0x0000000742400000| Untracked 
|  17|0x0000000742500000, 0x0000000742600000, 0x0000000742600000|100%| O|  |TAMS 0x0000000742600000, 0x0000000742500000| Untracked 
|  18|0x0000000742600000, 0x0000000742700000, 0x0000000742700000|100%| O|  |TAMS 0x0000000742700000, 0x0000000742600000| Untracked 
|  19|0x0000000742700000, 0x0000000742800000, 0x0000000742800000|100%| O|  |TAMS 0x0000000742700000, 0x0000000742700000| Untracked 
|  20|0x0000000742800000, 0x0000000742900000, 0x0000000742900000|100%| O|  |TAMS 0x0000000742800000, 0x0000000742800000| Untracked 
|  21|0x0000000742900000, 0x0000000742a00000, 0x0000000742a00000|100%| O|  |TAMS 0x0000000742900000, 0x0000000742900000| Untracked 
|  22|0x0000000742a00000, 0x0000000742b00000, 0x0000000742b00000|100%| O|  |TAMS 0x0000000742a00000, 0x0000000742a00000| Untracked 
|  23|0x0000000742b00000, 0x0000000742c00000, 0x0000000742c00000|100%| O|  |TAMS 0x0000000742b00000, 0x0000000742b00000| Untracked 
|  24|0x0000000742c00000, 0x0000000742d00000, 0x0000000742d00000|100%| O|  |TAMS 0x0000000742c00000, 0x0000000742c00000| Untracked 
|  25|0x0000000742d00000, 0x0000000742db3000, 0x0000000742e00000| 69%| O|  |TAMS 0x0000000742d00000, 0x0000000742d00000| Untracked 
|  26|0x0000000742e00000, 0x0000000742e00000, 0x0000000742f00000|  0%| F|  |TAMS 0x0000000742e00000, 0x0000000742e00000| Untracked 
|  27|0x0000000742f00000, 0x0000000742f00000, 0x0000000743000000|  0%| F|  |TAMS 0x0000000742f00000, 0x0000000742f00000| Untracked 
|  28|0x0000000743000000, 0x0000000743000000, 0x0000000743100000|  0%| F|  |TAMS 0x0000000743000000, 0x0000000743000000| Untracked 
|  29|0x0000000743100000, 0x0000000743100000, 0x0000000743200000|  0%| F|  |TAMS 0x0000000743100000, 0x0000000743100000| Untracked 
|  30|0x0000000743200000, 0x0000000743200000, 0x0000000743300000|  0%| F|  |TAMS 0x0000000743200000, 0x0000000743200000| Untracked 
|  31|0x0000000743300000, 0x0000000743300000, 0x0000000743400000|  0%| F|  |TAMS 0x0000000743300000, 0x0000000743300000| Untracked 
|  32|0x0000000743400000, 0x0000000743400000, 0x0000000743500000|  0%| F|  |TAMS 0x0000000743400000, 0x0000000743400000| Untracked 
|  33|0x0000000743500000, 0x0000000743500000, 0x0000000743600000|  0%| F|  |TAMS 0x0000000743500000, 0x0000000743500000| Untracked 
|  34|0x0000000743600000, 0x0000000743600000, 0x0000000743700000|  0%| F|  |TAMS 0x0000000743600000, 0x0000000743600000| Untracked 
|  35|0x0000000743700000, 0x0000000743700000, 0x0000000743800000|  0%| F|  |TAMS 0x0000000743700000, 0x0000000743700000| Untracked 
|  36|0x0000000743800000, 0x0000000743800000, 0x0000000743900000|  0%| F|  |TAMS 0x0000000743800000, 0x0000000743800000| Untracked 
|  37|0x0000000743900000, 0x0000000743900000, 0x0000000743a00000|  0%| F|  |TAMS 0x0000000743900000, 0x0000000743900000| Untracked 
|  38|0x0000000743a00000, 0x0000000743a00000, 0x0000000743b00000|  0%| F|  |TAMS 0x0000000743a00000, 0x0000000743a00000| Untracked 
|  39|0x0000000743b00000, 0x0000000743b00000, 0x0000000743c00000|  0%| F|  |TAMS 0x0000000743b00000, 0x0000000743b00000| Untracked 
|  40|0x0000000743c00000, 0x0000000743c00000, 0x0000000743d00000|  0%| F|  |TAMS 0x0000000743c00000, 0x0000000743c00000| Untracked 
|  41|0x0000000743d00000, 0x0000000743d00000, 0x0000000743e00000|  0%| F|  |TAMS 0x0000000743d00000, 0x0000000743d00000| Untracked 
|  42|0x0000000743e00000, 0x0000000743e00000, 0x0000000743f00000|  0%| F|  |TAMS 0x0000000743e00000, 0x0000000743e00000| Untracked 
|  43|0x0000000743f00000, 0x0000000743f00000, 0x0000000744000000|  0%| F|  |TAMS 0x0000000743f00000, 0x0000000743f00000| Untracked 
|  44|0x0000000744000000, 0x0000000744000000, 0x0000000744100000|  0%| F|  |TAMS 0x0000000744000000, 0x0000000744000000| Untracked 
|  45|0x0000000744100000, 0x0000000744100000, 0x0000000744200000|  0%| F|  |TAMS 0x0000000744100000, 0x0000000744100000| Untracked 
|  46|0x0000000744200000, 0x0000000744200000, 0x0000000744300000|  0%| F|  |TAMS 0x0000000744200000, 0x0000000744200000| Untracked 
|  47|0x0000000744300000, 0x0000000744300000, 0x0000000744400000|  0%| F|  |TAMS 0x0000000744300000, 0x0000000744300000| Untracked 
|  48|0x0000000744400000, 0x0000000744400000, 0x0000000744500000|  0%| F|  |TAMS 0x0000000744400000, 0x0000000744400000| Untracked 
|  49|0x0000000744500000, 0x0000000744500000, 0x0000000744600000|  0%| F|  |TAMS 0x0000000744500000, 0x0000000744500000| Untracked 
|  50|0x0000000744600000, 0x0000000744600000, 0x0000000744700000|  0%| F|  |TAMS 0x0000000744600000, 0x0000000744600000| Untracked 
|  51|0x0000000744700000, 0x0000000744700000, 0x0000000744800000|  0%| F|  |TAMS 0x0000000744700000, 0x0000000744700000| Untracked 
|  52|0x0000000744800000, 0x0000000744800000, 0x0000000744900000|  0%| F|  |TAMS 0x0000000744800000, 0x0000000744800000| Untracked 
|  53|0x0000000744900000, 0x0000000744900000, 0x0000000744a00000|  0%| F|  |TAMS 0x0000000744900000, 0x0000000744900000| Untracked 
|  54|0x0000000744a00000, 0x0000000744a00000, 0x0000000744b00000|  0%| F|  |TAMS 0x0000000744a00000, 0x0000000744a00000| Untracked 
|  55|0x0000000744b00000, 0x0000000744b00000, 0x0000000744c00000|  0%| F|  |TAMS 0x0000000744b00000, 0x0000000744b00000| Untracked 
|  56|0x0000000744c00000, 0x0000000744c00000, 0x0000000744d00000|  0%| F|  |TAMS 0x0000000744c00000, 0x0000000744c00000| Untracked 
|  57|0x0000000744d00000, 0x0000000744d00000, 0x0000000744e00000|  0%| F|  |TAMS 0x0000000744d00000, 0x0000000744d00000| Untracked 
|  58|0x0000000744e00000, 0x0000000744e00000, 0x0000000744f00000|  0%| F|  |TAMS 0x0000000744e00000, 0x0000000744e00000| Untracked 
|  59|0x0000000744f00000, 0x0000000744f00000, 0x0000000745000000|  0%| F|  |TAMS 0x0000000744f00000, 0x0000000744f00000| Untracked 
|  60|0x0000000745000000, 0x0000000745000000, 0x0000000745100000|  0%| F|  |TAMS 0x0000000745000000, 0x0000000745000000| Untracked 
|  61|0x0000000745100000, 0x0000000745100000, 0x0000000745200000|  0%| F|  |TAMS 0x0000000745100000, 0x0000000745100000| Untracked 
|  62|0x0000000745200000, 0x0000000745200000, 0x0000000745300000|  0%| F|  |TAMS 0x0000000745200000, 0x0000000745200000| Untracked 
|  63|0x0000000745300000, 0x0000000745300000, 0x0000000745400000|  0%| F|  |TAMS 0x0000000745300000, 0x0000000745300000| Untracked 
|  64|0x0000000745400000, 0x0000000745400000, 0x0000000745500000|  0%| F|  |TAMS 0x0000000745400000, 0x0000000745400000| Untracked 
|  65|0x0000000745500000, 0x0000000745500000, 0x0000000745600000|  0%| F|  |TAMS 0x0000000745500000, 0x0000000745500000| Untracked 
|  66|0x0000000745600000, 0x0000000745600000, 0x0000000745700000|  0%| F|  |TAMS 0x0000000745600000, 0x0000000745600000| Untracked 
|  67|0x0000000745700000, 0x0000000745700000, 0x0000000745800000|  0%| F|  |TAMS 0x0000000745700000, 0x0000000745700000| Untracked 
|  68|0x0000000745800000, 0x0000000745800000, 0x0000000745900000|  0%| F|  |TAMS 0x0000000745800000, 0x0000000745800000| Untracked 
|  69|0x0000000745900000, 0x0000000745900000, 0x0000000745a00000|  0%| F|  |TAMS 0x0000000745900000, 0x0000000745900000| Untracked 
|  70|0x0000000745a00000, 0x0000000745a00000, 0x0000000745b00000|  0%| F|  |TAMS 0x0000000745a00000, 0x0000000745a00000| Untracked 
|  71|0x0000000745b00000, 0x0000000745b00000, 0x0000000745c00000|  0%| F|  |TAMS 0x0000000745b00000, 0x0000000745b00000| Untracked 
|  72|0x0000000745c00000, 0x0000000745c00000, 0x0000000745d00000|  0%| F|  |TAMS 0x0000000745c00000, 0x0000000745c00000| Untracked 
|  73|0x0000000745d00000, 0x0000000745d00000, 0x0000000745e00000|  0%| F|  |TAMS 0x0000000745d00000, 0x0000000745d00000| Untracked 
|  74|0x0000000745e00000, 0x0000000745e00000, 0x0000000745f00000|  0%| F|  |TAMS 0x0000000745e00000, 0x0000000745e00000| Untracked 
|  75|0x0000000745f00000, 0x0000000745f00000, 0x0000000746000000|  0%| F|  |TAMS 0x0000000745f00000, 0x0000000745f00000| Untracked 
|  76|0x0000000746000000, 0x0000000746000000, 0x0000000746100000|  0%| F|  |TAMS 0x0000000746000000, 0x0000000746000000| Untracked 
|  77|0x0000000746100000, 0x0000000746100000, 0x0000000746200000|  0%| F|  |TAMS 0x0000000746100000, 0x0000000746100000| Untracked 
|  78|0x0000000746200000, 0x0000000746200000, 0x0000000746300000|  0%| F|  |TAMS 0x0000000746200000, 0x0000000746200000| Untracked 
|  79|0x0000000746300000, 0x0000000746300000, 0x0000000746400000|  0%| F|  |TAMS 0x0000000746300000, 0x0000000746300000| Untracked 
|  80|0x0000000746400000, 0x0000000746400000, 0x0000000746500000|  0%| F|  |TAMS 0x0000000746400000, 0x0000000746400000| Untracked 
|  81|0x0000000746500000, 0x0000000746500000, 0x0000000746600000|  0%| F|  |TAMS 0x0000000746500000, 0x0000000746500000| Untracked 
|  82|0x0000000746600000, 0x0000000746600000, 0x0000000746700000|  0%| F|  |TAMS 0x0000000746600000, 0x0000000746600000| Untracked 
|  83|0x0000000746700000, 0x0000000746700000, 0x0000000746800000|  0%| F|  |TAMS 0x0000000746700000, 0x0000000746700000| Untracked 
|  84|0x0000000746800000, 0x0000000746800000, 0x0000000746900000|  0%| F|  |TAMS 0x0000000746800000, 0x0000000746800000| Untracked 
|  85|0x0000000746900000, 0x0000000746900000, 0x0000000746a00000|  0%| F|  |TAMS 0x0000000746900000, 0x0000000746900000| Untracked 
|  86|0x0000000746a00000, 0x0000000746a00000, 0x0000000746b00000|  0%| F|  |TAMS 0x0000000746a00000, 0x0000000746a00000| Untracked 
|  87|0x0000000746b00000, 0x0000000746b00000, 0x0000000746c00000|  0%| F|  |TAMS 0x0000000746b00000, 0x0000000746b00000| Untracked 
|  88|0x0000000746c00000, 0x0000000746c00000, 0x0000000746d00000|  0%| F|  |TAMS 0x0000000746c00000, 0x0000000746c00000| Untracked 
|  89|0x0000000746d00000, 0x0000000746d00000, 0x0000000746e00000|  0%| F|  |TAMS 0x0000000746d00000, 0x0000000746d00000| Untracked 
|  90|0x0000000746e00000, 0x0000000746e00000, 0x0000000746f00000|  0%| F|  |TAMS 0x0000000746e00000, 0x0000000746e00000| Untracked 
|  91|0x0000000746f00000, 0x0000000746f00000, 0x0000000747000000|  0%| F|  |TAMS 0x0000000746f00000, 0x0000000746f00000| Untracked 
|  92|0x0000000747000000, 0x0000000747000000, 0x0000000747100000|  0%| F|  |TAMS 0x0000000747000000, 0x0000000747000000| Untracked 
|  93|0x0000000747100000, 0x0000000747102040, 0x0000000747200000|  0%| S|CS|TAMS 0x0000000747100000, 0x0000000747100000| Complete 
|  94|0x0000000747200000, 0x0000000747200000, 0x0000000747300000|  0%| F|  |TAMS 0x0000000747200000, 0x0000000747200000| Untracked 
|  95|0x0000000747300000, 0x0000000747300000, 0x0000000747400000|  0%| F|  |TAMS 0x0000000747300000, 0x0000000747300000| Untracked 
|  96|0x0000000747400000, 0x0000000747400000, 0x0000000747500000|  0%| F|  |TAMS 0x0000000747400000, 0x0000000747400000| Untracked 
|  97|0x0000000747500000, 0x0000000747500000, 0x0000000747600000|  0%| F|  |TAMS 0x0000000747500000, 0x0000000747500000| Untracked 
|  98|0x0000000747600000, 0x0000000747600000, 0x0000000747700000|  0%| F|  |TAMS 0x0000000747600000, 0x0000000747600000| Untracked 
|  99|0x0000000747700000, 0x0000000747700000, 0x0000000747800000|  0%| F|  |TAMS 0x0000000747700000, 0x0000000747700000| Untracked 
| 100|0x0000000747800000, 0x0000000747800000, 0x0000000747900000|  0%| F|  |TAMS 0x0000000747800000, 0x0000000747800000| Untracked 
| 101|0x0000000747900000, 0x0000000747900000, 0x0000000747a00000|  0%| F|  |TAMS 0x0000000747900000, 0x0000000747900000| Untracked 
| 102|0x0000000747a00000, 0x0000000747a00000, 0x0000000747b00000|  0%| F|  |TAMS 0x0000000747a00000, 0x0000000747a00000| Untracked 
| 103|0x0000000747b00000, 0x0000000747b00000, 0x0000000747c00000|  0%| F|  |TAMS 0x0000000747b00000, 0x0000000747b00000| Untracked 
| 104|0x0000000747c00000, 0x0000000747c00000, 0x0000000747d00000|  0%| F|  |TAMS 0x0000000747c00000, 0x0000000747c00000| Untracked 
| 105|0x0000000747d00000, 0x0000000747d00000, 0x0000000747e00000|  0%| F|  |TAMS 0x0000000747d00000, 0x0000000747d00000| Untracked 
| 106|0x0000000747e00000, 0x0000000747e00000, 0x0000000747f00000|  0%| F|  |TAMS 0x0000000747e00000, 0x0000000747e00000| Untracked 
| 107|0x0000000747f00000, 0x0000000747f00000, 0x0000000748000000|  0%| F|  |TAMS 0x0000000747f00000, 0x0000000747f00000| Untracked 
| 108|0x0000000748000000, 0x0000000748000000, 0x0000000748100000|  0%| F|  |TAMS 0x0000000748000000, 0x0000000748000000| Untracked 
| 109|0x0000000748100000, 0x0000000748100000, 0x0000000748200000|  0%| F|  |TAMS 0x0000000748100000, 0x0000000748100000| Untracked 
| 110|0x0000000748200000, 0x0000000748200000, 0x0000000748300000|  0%| F|  |TAMS 0x0000000748200000, 0x0000000748200000| Untracked 
| 111|0x0000000748300000, 0x0000000748300000, 0x0000000748400000|  0%| F|  |TAMS 0x0000000748300000, 0x0000000748300000| Untracked 
| 112|0x0000000748400000, 0x0000000748400000, 0x0000000748500000|  0%| F|  |TAMS 0x0000000748400000, 0x0000000748400000| Untracked 
| 113|0x0000000748500000, 0x0000000748500000, 0x0000000748600000|  0%| F|  |TAMS 0x0000000748500000, 0x0000000748500000| Untracked 
| 114|0x0000000748600000, 0x0000000748600000, 0x0000000748700000|  0%| F|  |TAMS 0x0000000748600000, 0x0000000748600000| Untracked 
| 115|0x0000000748700000, 0x0000000748700000, 0x0000000748800000|  0%| F|  |TAMS 0x0000000748700000, 0x0000000748700000| Untracked 
| 116|0x0000000748800000, 0x0000000748800000, 0x0000000748900000|  0%| F|  |TAMS 0x0000000748800000, 0x0000000748800000| Untracked 
| 117|0x0000000748900000, 0x0000000748900000, 0x0000000748a00000|  0%| F|  |TAMS 0x0000000748900000, 0x0000000748900000| Untracked 
| 118|0x0000000748a00000, 0x0000000748a00000, 0x0000000748b00000|  0%| F|  |TAMS 0x0000000748a00000, 0x0000000748a00000| Untracked 
| 119|0x0000000748b00000, 0x0000000748b00000, 0x0000000748c00000|  0%| F|  |TAMS 0x0000000748b00000, 0x0000000748b00000| Untracked 
| 120|0x0000000748c00000, 0x0000000748c00000, 0x0000000748d00000|  0%| F|  |TAMS 0x0000000748c00000, 0x0000000748c00000| Untracked 
| 121|0x0000000748d00000, 0x0000000748d00000, 0x0000000748e00000|  0%| F|  |TAMS 0x0000000748d00000, 0x0000000748d00000| Untracked 
| 122|0x0000000748e00000, 0x0000000748e00000, 0x0000000748f00000|  0%| F|  |TAMS 0x0000000748e00000, 0x0000000748e00000| Untracked 
| 123|0x0000000748f00000, 0x0000000748f00000, 0x0000000749000000|  0%| F|  |TAMS 0x0000000748f00000, 0x0000000748f00000| Untracked 
| 124|0x0000000749000000, 0x0000000749000000, 0x0000000749100000|  0%| F|  |TAMS 0x0000000749000000, 0x0000000749000000| Untracked 
| 125|0x0000000749100000, 0x0000000749100000, 0x0000000749200000|  0%| F|  |TAMS 0x0000000749100000, 0x0000000749100000| Untracked 
| 126|0x0000000749200000, 0x0000000749200000, 0x0000000749300000|  0%| F|  |TAMS 0x0000000749200000, 0x0000000749200000| Untracked 
| 127|0x0000000749300000, 0x0000000749300000, 0x0000000749400000|  0%| F|  |TAMS 0x0000000749300000, 0x0000000749300000| Untracked 
| 128|0x0000000749400000, 0x0000000749400000, 0x0000000749500000|  0%| F|  |TAMS 0x0000000749400000, 0x0000000749400000| Untracked 
| 129|0x0000000749500000, 0x0000000749500000, 0x0000000749600000|  0%| F|  |TAMS 0x0000000749500000, 0x0000000749500000| Untracked 
| 130|0x0000000749600000, 0x0000000749600000, 0x0000000749700000|  0%| F|  |TAMS 0x0000000749600000, 0x0000000749600000| Untracked 
| 131|0x0000000749700000, 0x0000000749700000, 0x0000000749800000|  0%| F|  |TAMS 0x0000000749700000, 0x0000000749700000| Untracked 
| 132|0x0000000749800000, 0x0000000749800000, 0x0000000749900000|  0%| F|  |TAMS 0x0000000749800000, 0x0000000749800000| Untracked 
| 133|0x0000000749900000, 0x0000000749900000, 0x0000000749a00000|  0%| F|  |TAMS 0x0000000749900000, 0x0000000749900000| Untracked 
| 134|0x0000000749a00000, 0x0000000749a00000, 0x0000000749b00000|  0%| F|  |TAMS 0x0000000749a00000, 0x0000000749a00000| Untracked 
| 135|0x0000000749b00000, 0x0000000749b00000, 0x0000000749c00000|  0%| F|  |TAMS 0x0000000749b00000, 0x0000000749b00000| Untracked 
| 136|0x0000000749c00000, 0x0000000749c00000, 0x0000000749d00000|  0%| F|  |TAMS 0x0000000749c00000, 0x0000000749c00000| Untracked 
| 137|0x0000000749d00000, 0x0000000749d00000, 0x0000000749e00000|  0%| F|  |TAMS 0x0000000749d00000, 0x0000000749d00000| Untracked 
| 138|0x0000000749e00000, 0x0000000749e00000, 0x0000000749f00000|  0%| F|  |TAMS 0x0000000749e00000, 0x0000000749e00000| Untracked 
| 139|0x0000000749f00000, 0x0000000749f00000, 0x000000074a000000|  0%| F|  |TAMS 0x0000000749f00000, 0x0000000749f00000| Untracked 
| 140|0x000000074a000000, 0x000000074a000000, 0x000000074a100000|  0%| F|  |TAMS 0x000000074a000000, 0x000000074a000000| Untracked 
| 141|0x000000074a100000, 0x000000074a100000, 0x000000074a200000|  0%| F|  |TAMS 0x000000074a100000, 0x000000074a100000| Untracked 
| 142|0x000000074a200000, 0x000000074a200000, 0x000000074a300000|  0%| F|  |TAMS 0x000000074a200000, 0x000000074a200000| Untracked 
| 143|0x000000074a300000, 0x000000074a300000, 0x000000074a400000|  0%| F|  |TAMS 0x000000074a300000, 0x000000074a300000| Untracked 
| 144|0x000000074a400000, 0x000000074a400000, 0x000000074a500000|  0%| F|  |TAMS 0x000000074a400000, 0x000000074a400000| Untracked 
| 145|0x000000074a500000, 0x000000074a500000, 0x000000074a600000|  0%| F|  |TAMS 0x000000074a500000, 0x000000074a500000| Untracked 
| 146|0x000000074a600000, 0x000000074a680800, 0x000000074a700000| 50%| E|  |TAMS 0x000000074a600000, 0x000000074a600000| Complete 
| 147|0x000000074a700000, 0x000000074a800000, 0x000000074a800000|100%| E|CS|TAMS 0x000000074a700000, 0x000000074a700000| Complete 
| 148|0x000000074a800000, 0x000000074a900000, 0x000000074a900000|100%| E|CS|TAMS 0x000000074a800000, 0x000000074a800000| Complete 
| 149|0x000000074a900000, 0x000000074aa00000, 0x000000074aa00000|100%| E|CS|TAMS 0x000000074a900000, 0x000000074a900000| Complete 
| 150|0x000000074aa00000, 0x000000074ab00000, 0x000000074ab00000|100%| E|CS|TAMS 0x000000074aa00000, 0x000000074aa00000| Complete 
| 151|0x000000074ab00000, 0x000000074ac00000, 0x000000074ac00000|100%| E|CS|TAMS 0x000000074ab00000, 0x000000074ab00000| Complete 
| 152|0x000000074ac00000, 0x000000074ad00000, 0x000000074ad00000|100%| E|CS|TAMS 0x000000074ac00000, 0x000000074ac00000| Complete 
| 153|0x000000074ad00000, 0x000000074ae00000, 0x000000074ae00000|100%| E|CS|TAMS 0x000000074ad00000, 0x000000074ad00000| Complete 
| 154|0x000000074ae00000, 0x000000074af00000, 0x000000074af00000|100%| E|CS|TAMS 0x000000074ae00000, 0x000000074ae00000| Complete 
| 155|0x000000074af00000, 0x000000074b000000, 0x000000074b000000|100%| E|CS|TAMS 0x000000074af00000, 0x000000074af00000| Complete 
| 156|0x000000074b000000, 0x000000074b100000, 0x000000074b100000|100%| E|CS|TAMS 0x000000074b000000, 0x000000074b000000| Complete 
| 157|0x000000074b100000, 0x000000074b200000, 0x000000074b200000|100%| E|CS|TAMS 0x000000074b100000, 0x000000074b100000| Complete 
| 158|0x000000074b200000, 0x000000074b300000, 0x000000074b300000|100%| E|CS|TAMS 0x000000074b200000, 0x000000074b200000| Complete 
| 159|0x000000074b300000, 0x000000074b400000, 0x000000074b400000|100%| E|CS|TAMS 0x000000074b300000, 0x000000074b300000| Complete 
| 160|0x000000074b400000, 0x000000074b500000, 0x000000074b500000|100%| E|CS|TAMS 0x000000074b400000, 0x000000074b400000| Complete 
| 161|0x000000074b500000, 0x000000074b600000, 0x000000074b600000|100%| E|CS|TAMS 0x000000074b500000, 0x000000074b500000| Complete 
| 162|0x000000074b600000, 0x000000074b700000, 0x000000074b700000|100%| E|CS|TAMS 0x000000074b600000, 0x000000074b600000| Complete 
| 163|0x000000074b700000, 0x000000074b800000, 0x000000074b800000|100%| E|CS|TAMS 0x000000074b700000, 0x000000074b700000| Complete 
| 164|0x000000074b800000, 0x000000074b900000, 0x000000074b900000|100%| E|CS|TAMS 0x000000074b800000, 0x000000074b800000| Complete 
| 165|0x000000074b900000, 0x000000074ba00000, 0x000000074ba00000|100%| E|CS|TAMS 0x000000074b900000, 0x000000074b900000| Complete 
| 166|0x000000074ba00000, 0x000000074bb00000, 0x000000074bb00000|100%| E|CS|TAMS 0x000000074ba00000, 0x000000074ba00000| Complete 
| 167|0x000000074bb00000, 0x000000074bc00000, 0x000000074bc00000|100%| E|CS|TAMS 0x000000074bb00000, 0x000000074bb00000| Complete 
| 168|0x000000074bc00000, 0x000000074bd00000, 0x000000074bd00000|100%| E|CS|TAMS 0x000000074bc00000, 0x000000074bc00000| Complete 
| 169|0x000000074bd00000, 0x000000074be00000, 0x000000074be00000|100%| E|CS|TAMS 0x000000074bd00000, 0x000000074bd00000| Complete 
| 170|0x000000074be00000, 0x000000074bf00000, 0x000000074bf00000|100%| E|CS|TAMS 0x000000074be00000, 0x000000074be00000| Complete 
| 171|0x000000074bf00000, 0x000000074c000000, 0x000000074c000000|100%| E|CS|TAMS 0x000000074bf00000, 0x000000074bf00000| Complete 
| 172|0x000000074c000000, 0x000000074c100000, 0x000000074c100000|100%| E|CS|TAMS 0x000000074c000000, 0x000000074c000000| Complete 
| 173|0x000000074c100000, 0x000000074c200000, 0x000000074c200000|100%| E|CS|TAMS 0x000000074c100000, 0x000000074c100000| Complete 
| 174|0x000000074c200000, 0x000000074c300000, 0x000000074c300000|100%| E|CS|TAMS 0x000000074c200000, 0x000000074c200000| Complete 
| 175|0x000000074c300000, 0x000000074c400000, 0x000000074c400000|100%| E|CS|TAMS 0x000000074c300000, 0x000000074c300000| Complete 
| 176|0x000000074c400000, 0x000000074c500000, 0x000000074c500000|100%| E|CS|TAMS 0x000000074c400000, 0x000000074c400000| Complete 
| 177|0x000000074c500000, 0x000000074c600000, 0x000000074c600000|100%| E|CS|TAMS 0x000000074c500000, 0x000000074c500000| Complete 
| 178|0x000000074c600000, 0x000000074c700000, 0x000000074c700000|100%| E|CS|TAMS 0x000000074c600000, 0x000000074c600000| Complete 
| 179|0x000000074c700000, 0x000000074c800000, 0x000000074c800000|100%| E|CS|TAMS 0x000000074c700000, 0x000000074c700000| Complete 
| 180|0x000000074c800000, 0x000000074c900000, 0x000000074c900000|100%| E|CS|TAMS 0x000000074c800000, 0x000000074c800000| Complete 
| 181|0x000000074c900000, 0x000000074ca00000, 0x000000074ca00000|100%| E|CS|TAMS 0x000000074c900000, 0x000000074c900000| Complete 
| 182|0x000000074ca00000, 0x000000074cb00000, 0x000000074cb00000|100%| E|CS|TAMS 0x000000074ca00000, 0x000000074ca00000| Complete 
| 183|0x000000074cb00000, 0x000000074cc00000, 0x000000074cc00000|100%| E|CS|TAMS 0x000000074cb00000, 0x000000074cb00000| Complete 
| 184|0x000000074cc00000, 0x000000074cd00000, 0x000000074cd00000|100%| E|CS|TAMS 0x000000074cc00000, 0x000000074cc00000| Complete 
| 185|0x000000074cd00000, 0x000000074ce00000, 0x000000074ce00000|100%| E|CS|TAMS 0x000000074cd00000, 0x000000074cd00000| Complete 
| 186|0x000000074ce00000, 0x000000074cf00000, 0x000000074cf00000|100%| E|CS|TAMS 0x000000074ce00000, 0x000000074ce00000| Complete 
| 187|0x000000074cf00000, 0x000000074d000000, 0x000000074d000000|100%| E|CS|TAMS 0x000000074cf00000, 0x000000074cf00000| Complete 
| 188|0x000000074d000000, 0x000000074d100000, 0x000000074d100000|100%| E|CS|TAMS 0x000000074d000000, 0x000000074d000000| Complete 
| 189|0x000000074d100000, 0x000000074d200000, 0x000000074d200000|100%| E|CS|TAMS 0x000000074d100000, 0x000000074d100000| Complete 
| 190|0x000000074d200000, 0x000000074d300000, 0x000000074d300000|100%| E|CS|TAMS 0x000000074d200000, 0x000000074d200000| Complete 
| 191|0x000000074d300000, 0x000000074d400000, 0x000000074d400000|100%| E|CS|TAMS 0x000000074d300000, 0x000000074d300000| Complete 
| 192|0x000000074d400000, 0x000000074d500000, 0x000000074d500000|100%| E|CS|TAMS 0x000000074d400000, 0x000000074d400000| Complete 
| 193|0x000000074d500000, 0x000000074d600000, 0x000000074d600000|100%| E|CS|TAMS 0x000000074d500000, 0x000000074d500000| Complete 
| 194|0x000000074d600000, 0x000000074d700000, 0x000000074d700000|100%| E|CS|TAMS 0x000000074d600000, 0x000000074d600000| Complete 
| 195|0x000000074d700000, 0x000000074d800000, 0x000000074d800000|100%| E|CS|TAMS 0x000000074d700000, 0x000000074d700000| Complete 
| 196|0x000000074d800000, 0x000000074d900000, 0x000000074d900000|100%| E|CS|TAMS 0x000000074d800000, 0x000000074d800000| Complete 
| 197|0x000000074d900000, 0x000000074da00000, 0x000000074da00000|100%| E|CS|TAMS 0x000000074d900000, 0x000000074d900000| Complete 
| 198|0x000000074da00000, 0x000000074db00000, 0x000000074db00000|100%| E|CS|TAMS 0x000000074da00000, 0x000000074da00000| Complete 
| 199|0x000000074db00000, 0x000000074dc00000, 0x000000074dc00000|100%| E|CS|TAMS 0x000000074db00000, 0x000000074db00000| Complete 
| 200|0x000000074dc00000, 0x000000074dd00000, 0x000000074dd00000|100%| E|CS|TAMS 0x000000074dc00000, 0x000000074dc00000| Complete 
| 201|0x000000074dd00000, 0x000000074de00000, 0x000000074de00000|100%| E|CS|TAMS 0x000000074dd00000, 0x000000074dd00000| Complete 
| 202|0x000000074de00000, 0x000000074df00000, 0x000000074df00000|100%| E|CS|TAMS 0x000000074de00000, 0x000000074de00000| Complete 
| 203|0x000000074df00000, 0x000000074e000000, 0x000000074e000000|100%| E|CS|TAMS 0x000000074df00000, 0x000000074df00000| Complete 
| 204|0x000000074e000000, 0x000000074e100000, 0x000000074e100000|100%| E|CS|TAMS 0x000000074e000000, 0x000000074e000000| Complete 
| 205|0x000000074e100000, 0x000000074e200000, 0x000000074e200000|100%| E|CS|TAMS 0x000000074e100000, 0x000000074e100000| Complete 
| 206|0x000000074e200000, 0x000000074e300000, 0x000000074e300000|100%| E|CS|TAMS 0x000000074e200000, 0x000000074e200000| Complete 
| 207|0x000000074e300000, 0x000000074e400000, 0x000000074e400000|100%| E|CS|TAMS 0x000000074e300000, 0x000000074e300000| Complete 
| 208|0x000000074e400000, 0x000000074e500000, 0x000000074e500000|100%| E|CS|TAMS 0x000000074e400000, 0x000000074e400000| Complete 
| 209|0x000000074e500000, 0x000000074e600000, 0x000000074e600000|100%| E|CS|TAMS 0x000000074e500000, 0x000000074e500000| Complete 
| 210|0x000000074e600000, 0x000000074e700000, 0x000000074e700000|100%| E|CS|TAMS 0x000000074e600000, 0x000000074e600000| Complete 
| 211|0x000000074e700000, 0x000000074e800000, 0x000000074e800000|100%| E|CS|TAMS 0x000000074e700000, 0x000000074e700000| Complete 
| 212|0x000000074e800000, 0x000000074e900000, 0x000000074e900000|100%| E|CS|TAMS 0x000000074e800000, 0x000000074e800000| Complete 
| 213|0x000000074e900000, 0x000000074ea00000, 0x000000074ea00000|100%| E|CS|TAMS 0x000000074e900000, 0x000000074e900000| Complete 
| 214|0x000000074ea00000, 0x000000074eb00000, 0x000000074eb00000|100%| E|CS|TAMS 0x000000074ea00000, 0x000000074ea00000| Complete 
| 215|0x000000074eb00000, 0x000000074ec00000, 0x000000074ec00000|100%| E|CS|TAMS 0x000000074eb00000, 0x000000074eb00000| Complete 
| 216|0x000000074ec00000, 0x000000074ed00000, 0x000000074ed00000|100%| E|CS|TAMS 0x000000074ec00000, 0x000000074ec00000| Complete 
| 217|0x000000074ed00000, 0x000000074ee00000, 0x000000074ee00000|100%| E|CS|TAMS 0x000000074ed00000, 0x000000074ed00000| Complete 
| 218|0x000000074ee00000, 0x000000074ef00000, 0x000000074ef00000|100%| E|CS|TAMS 0x000000074ee00000, 0x000000074ee00000| Complete 
| 219|0x000000074ef00000, 0x000000074f000000, 0x000000074f000000|100%| E|CS|TAMS 0x000000074ef00000, 0x000000074ef00000| Complete 
| 220|0x000000074f000000, 0x000000074f100000, 0x000000074f100000|100%| E|CS|TAMS 0x000000074f000000, 0x000000074f000000| Complete 
| 221|0x000000074f100000, 0x000000074f200000, 0x000000074f200000|100%| E|CS|TAMS 0x000000074f100000, 0x000000074f100000| Complete 
| 222|0x000000074f200000, 0x000000074f300000, 0x000000074f300000|100%| E|CS|TAMS 0x000000074f200000, 0x000000074f200000| Complete 
| 223|0x000000074f300000, 0x000000074f400000, 0x000000074f400000|100%| E|CS|TAMS 0x000000074f300000, 0x000000074f300000| Complete 
| 224|0x000000074f400000, 0x000000074f500000, 0x000000074f500000|100%| E|CS|TAMS 0x000000074f400000, 0x000000074f400000| Complete 
| 225|0x000000074f500000, 0x000000074f600000, 0x000000074f600000|100%| E|CS|TAMS 0x000000074f500000, 0x000000074f500000| Complete 
| 226|0x000000074f600000, 0x000000074f700000, 0x000000074f700000|100%| E|CS|TAMS 0x000000074f600000, 0x000000074f600000| Complete 
| 227|0x000000074f700000, 0x000000074f800000, 0x000000074f800000|100%| E|CS|TAMS 0x000000074f700000, 0x000000074f700000| Complete 
| 228|0x000000074f800000, 0x000000074f900000, 0x000000074f900000|100%| E|CS|TAMS 0x000000074f800000, 0x000000074f800000| Complete 
| 229|0x000000074f900000, 0x000000074fa00000, 0x000000074fa00000|100%| E|CS|TAMS 0x000000074f900000, 0x000000074f900000| Complete 
| 230|0x000000074fa00000, 0x000000074fb00000, 0x000000074fb00000|100%| E|CS|TAMS 0x000000074fa00000, 0x000000074fa00000| Complete 

Card table byte_map: [0x000001dbc9ed0000,0x000001dbca4d0000] _byte_map_base: 0x000001dbc64c6000

Marking Bits (Prev, Next): (CMBitMap*) 0x000001dbb21cf990, (CMBitMap*) 0x000001dbb21cf958
 Prev Bits: [0x000001dbcda80000, 0x000001dbd0a30000)
 Next Bits: [0x000001dbcaad0000, 0x000001dbcda80000)

Polling page: 0x000001dbb00a0000

Metaspace:

Usage:
  Non-class:     27.65 MB capacity,    27.35 MB ( 99%) used,   260.58 KB ( <1%) free+waste,    44.38 KB ( <1%) overhead. 
      Class:      3.38 MB capacity,     3.25 MB ( 96%) used,   114.73 KB (  3%) free+waste,    17.38 KB ( <1%) overhead. 
       Both:     31.03 MB capacity,    30.60 MB ( 99%) used,   375.31 KB (  1%) free+waste,    61.75 KB ( <1%) overhead. 

Virtual space:
  Non-class space:       28.00 MB reserved,      27.75 MB (>99%) committed 
      Class space:        1.00 GB reserved,       3.50 MB ( <1%) committed 
             Both:        1.03 GB reserved,      31.25 MB (  3%) committed 

Chunk freelists:
   Non-Class:  104.00 KB
       Class:  0 bytes
        Both:  104.00 KB

MaxMetaspaceSize: 17179869184.00 GB
CompressedClassSpaceSize: 1.00 GB
Initial GC threshold: 20.80 MB
Current GC threshold: 35.00 MB
CDS: off

CodeHeap 'non-profiled nmethods': size=120064Kb used=3929Kb max_used=3929Kb free=116134Kb
 bounds [0x000001dbc2390000, 0x000001dbc2770000, 0x000001dbc98d0000]
CodeHeap 'profiled nmethods': size=120000Kb used=11523Kb max_used=11523Kb free=108476Kb
 bounds [0x000001dbbae60000, 0x000001dbbb9b0000, 0x000001dbc2390000]
CodeHeap 'non-nmethods': size=5696Kb used=1337Kb max_used=1415Kb free=4358Kb
 bounds [0x000001dbba8d0000, 0x000001dbbab40000, 0x000001dbbae60000]
 total_blobs=5908 nmethods=5259 adapters=561
 compilation: enabled
              stopped_count=0, restarted_count=0
 full_count=0

Compilation events (20 events):
Event: 3781.024 Thread 0x000001dbd37eb000 5285       4       com.badlogic.gdx.backends.lwjgl.LwjglInput::updateKeyboard (421 bytes)
Event: 3781.069 Thread 0x000001dbd37eb000 nmethod 5285 0x000001dbc275ed10 code [0x000001dbc275f200, 0x000001dbc2761808]
Event: 4165.161 Thread 0x000001dbd37f6800 5286       3       org.eclipse.emf.common.util.WeakInterningHashSet::removeEntry (70 bytes)
Event: 4165.161 Thread 0x000001dbd37f6800 nmethod 5286 0x000001dbbb99fd90 code [0x000001dbbb99ff80, 0x000001dbbb9a0498]
Event: 4571.641 Thread 0x000001dbd37f6800 5289       3       org.lwjgl.opengl.WindowsDisplay::isDirty (12 bytes)
Event: 4571.642 Thread 0x000001dbd37f6800 nmethod 5289 0x000001dbbb9a0690 code [0x000001dbbb9a0840, 0x000001dbbb9a0958]
Event: 4584.542 Thread 0x000001dbd37eb000 5290       4       org.lwjgl.opengl.WindowsDisplay::isDirty (12 bytes)
Event: 4584.546 Thread 0x000001dbd37eb000 nmethod 5290 0x000001dbc2763890 code [0x000001dbc2763a20, 0x000001dbc2763a98]
Event: 5131.606 Thread 0x000001dbd37eb000 5291       4       java.lang.invoke.VarHandleObjects$FieldInstanceReadWrite::compareAndSet (38 bytes)
Event: 5131.622 Thread 0x000001dbd37eb000 nmethod 5291 0x000001dbc2763b90 code [0x000001dbc2763d20, 0x000001dbc2764058]
Event: 5730.534 Thread 0x000001dbd37eb000 5292       4       java.lang.ref.ReferenceQueue::reallyPoll (65 bytes)
Event: 5730.547 Thread 0x000001dbd37eb000 nmethod 5292 0x000001dbc2764210 code [0x000001dbc27643a0, 0x000001dbc27646d8]
Event: 9944.154 Thread 0x000001dbd37eb000 5293   !   4       java.lang.ref.ReferenceQueue::enqueue (119 bytes)
Event: 9945.764 Thread 0x000001dbd37eb000 nmethod 5293 0x000001dbc2764790 code [0x000001dbc2764960, 0x000001dbc2765048]
Event: 9962.162 Thread 0x000001dbd37eb000 5294   !   4       java.lang.ref.ReferenceQueue::remove (125 bytes)
Event: 9962.571 Thread 0x000001dbd37eb000 nmethod 5294 0x000001dbc2765210 code [0x000001dbc27653e0, 0x000001dbc2766108]
Event: 10563.516 Thread 0x000001dbd37eb000 5295       4       java.lang.ref.ReferenceQueue::remove (6 bytes)
Event: 10563.844 Thread 0x000001dbd37eb000 nmethod 5295 0x000001dbc2766390 code [0x000001dbc2766520, 0x000001dbc27665a8]
Event: 10816.454 Thread 0x000001dbd37f6800 5297       3       jdk.internal.misc.InnocuousThread::eraseThreadLocals (23 bytes)
Event: 10816.836 Thread 0x000001dbd37f6800 nmethod 5297 0x000001dbbb9a0a10 code [0x000001dbbb9a0bc0, 0x000001dbbb9a0db8]

GC Heap History (20 events):
Event: 11510.211 GC heap before
{Heap before GC invocations=641 (full 0):
 garbage-first heap   total 236544K, used 166610K [0x0000000741400000, 0x0000000800000000)
  region size 1024K, 138 young (141312K), 1 survivors (1024K)
 Metaspace       used 31334K, capacity 31772K, committed 32000K, reserved 1077248K
  class space    used 3327K, capacity 3460K, committed 3584K, reserved 1048576K
}
Event: 11510.212 GC heap after
{Heap after GC invocations=642 (full 0):
 garbage-first heap   total 236544K, used 26324K [0x0000000741400000, 0x0000000800000000)
  region size 1024K, 1 young (1024K), 1 survivors (1024K)
 Metaspace       used 31334K, capacity 31772K, committed 32000K, reserved 1077248K
  class space    used 3327K, capacity 3460K, committed 3584K, reserved 1048576K
}
Event: 11528.411 GC heap before
{Heap before GC invocations=642 (full 0):
 garbage-first heap   total 236544K, used 166612K [0x0000000741400000, 0x0000000800000000)
  region size 1024K, 138 young (141312K), 1 survivors (1024K)
 Metaspace       used 31334K, capacity 31772K, committed 32000K, reserved 1077248K
  class space    used 3327K, capacity 3460K, committed 3584K, reserved 1048576K
}
Event: 11528.412 GC heap after
{Heap after GC invocations=643 (full 0):
 garbage-first heap   total 236544K, used 26324K [0x0000000741400000, 0x0000000800000000)
  region size 1024K, 1 young (1024K), 1 survivors (1024K)
 Metaspace       used 31334K, capacity 31772K, committed 32000K, reserved 1077248K
  class space    used 3327K, capacity 3460K, committed 3584K, reserved 1048576K
}
Event: 11546.559 GC heap before
{Heap before GC invocations=643 (full 0):
 garbage-first heap   total 236544K, used 166612K [0x0000000741400000, 0x0000000800000000)
  region size 1024K, 138 young (141312K), 1 survivors (1024K)
 Metaspace       used 31334K, capacity 31772K, committed 32000K, reserved 1077248K
  class space    used 3327K, capacity 3460K, committed 3584K, reserved 1048576K
}
Event: 11546.561 GC heap after
{Heap after GC invocations=644 (full 0):
 garbage-first heap   total 236544K, used 26324K [0x0000000741400000, 0x0000000800000000)
  region size 1024K, 1 young (1024K), 1 survivors (1024K)
 Metaspace       used 31334K, capacity 31772K, committed 32000K, reserved 1077248K
  class space    used 3327K, capacity 3460K, committed 3584K, reserved 1048576K
}
Event: 11564.794 GC heap before
{Heap before GC invocations=644 (full 0):
 garbage-first heap   total 236544K, used 166612K [0x0000000741400000, 0x0000000800000000)
  region size 1024K, 138 young (141312K), 1 survivors (1024K)
 Metaspace       used 31334K, capacity 31772K, committed 32000K, reserved 1077248K
  class space    used 3327K, capacity 3460K, committed 3584K, reserved 1048576K
}
Event: 11564.795 GC heap after
{Heap after GC invocations=645 (full 0):
 garbage-first heap   total 236544K, used 26324K [0x0000000741400000, 0x0000000800000000)
  region size 1024K, 1 young (1024K), 1 survivors (1024K)
 Metaspace       used 31334K, capacity 31772K, committed 32000K, reserved 1077248K
  class space    used 3327K, capacity 3460K, committed 3584K, reserved 1048576K
}
Event: 11583.060 GC heap before
{Heap before GC invocations=645 (full 0):
 garbage-first heap   total 236544K, used 166612K [0x0000000741400000, 0x0000000800000000)
  region size 1024K, 138 young (141312K), 1 survivors (1024K)
 Metaspace       used 31334K, capacity 31772K, committed 32000K, reserved 1077248K
  class space    used 3327K, capacity 3460K, committed 3584K, reserved 1048576K
}
Event: 11583.063 GC heap after
{Heap after GC invocations=646 (full 0):
 garbage-first heap   total 236544K, used 26322K [0x0000000741400000, 0x0000000800000000)
  region size 1024K, 1 young (1024K), 1 survivors (1024K)
 Metaspace       used 31334K, capacity 31772K, committed 32000K, reserved 1077248K
  class space    used 3327K, capacity 3460K, committed 3584K, reserved 1048576K
}
Event: 11601.227 GC heap before
{Heap before GC invocations=646 (full 0):
 garbage-first heap   total 236544K, used 166610K [0x0000000741400000, 0x0000000800000000)
  region size 1024K, 138 young (141312K), 1 survivors (1024K)
 Metaspace       used 31334K, capacity 31772K, committed 32000K, reserved 1077248K
  class space    used 3327K, capacity 3460K, committed 3584K, reserved 1048576K
}
Event: 11601.228 GC heap after
{Heap after GC invocations=647 (full 0):
 garbage-first heap   total 236544K, used 26324K [0x0000000741400000, 0x0000000800000000)
  region size 1024K, 1 young (1024K), 1 survivors (1024K)
 Metaspace       used 31334K, capacity 31772K, committed 32000K, reserved 1077248K
  class space    used 3327K, capacity 3460K, committed 3584K, reserved 1048576K
}
Event: 11619.557 GC heap before
{Heap before GC invocations=647 (full 0):
 garbage-first heap   total 236544K, used 166612K [0x0000000741400000, 0x0000000800000000)
  region size 1024K, 138 young (141312K), 1 survivors (1024K)
 Metaspace       used 31334K, capacity 31772K, committed 32000K, reserved 1077248K
  class space    used 3327K, capacity 3460K, committed 3584K, reserved 1048576K
}
Event: 11619.558 GC heap after
{Heap after GC invocations=648 (full 0):
 garbage-first heap   total 236544K, used 26324K [0x0000000741400000, 0x0000000800000000)
  region size 1024K, 1 young (1024K), 1 survivors (1024K)
 Metaspace       used 31334K, capacity 31772K, committed 32000K, reserved 1077248K
  class space    used 3327K, capacity 3460K, committed 3584K, reserved 1048576K
}
Event: 11637.758 GC heap before
{Heap before GC invocations=648 (full 0):
 garbage-first heap   total 236544K, used 166612K [0x0000000741400000, 0x0000000800000000)
  region size 1024K, 138 young (141312K), 1 survivors (1024K)
 Metaspace       used 31334K, capacity 31772K, committed 32000K, reserved 1077248K
  class space    used 3327K, capacity 3460K, committed 3584K, reserved 1048576K
}
Event: 11637.760 GC heap after
{Heap after GC invocations=649 (full 0):
 garbage-first heap   total 236544K, used 26322K [0x0000000741400000, 0x0000000800000000)
  region size 1024K, 1 young (1024K), 1 survivors (1024K)
 Metaspace       used 31334K, capacity 31772K, committed 32000K, reserved 1077248K
  class space    used 3327K, capacity 3460K, committed 3584K, reserved 1048576K
}
Event: 11655.906 GC heap before
{Heap before GC invocations=649 (full 0):
 garbage-first heap   total 236544K, used 166610K [0x0000000741400000, 0x0000000800000000)
  region size 1024K, 138 young (141312K), 1 survivors (1024K)
 Metaspace       used 31334K, capacity 31772K, committed 32000K, reserved 1077248K
  class space    used 3327K, capacity 3460K, committed 3584K, reserved 1048576K
}
Event: 11655.906 GC heap after
{Heap after GC invocations=650 (full 0):
 garbage-first heap   total 236544K, used 26324K [0x0000000741400000, 0x0000000800000000)
  region size 1024K, 1 young (1024K), 1 survivors (1024K)
 Metaspace       used 31334K, capacity 31772K, committed 32000K, reserved 1077248K
  class space    used 3327K, capacity 3460K, committed 3584K, reserved 1048576K
}
Event: 11674.122 GC heap before
{Heap before GC invocations=650 (full 0):
 garbage-first heap   total 236544K, used 166612K [0x0000000741400000, 0x0000000800000000)
  region size 1024K, 138 young (141312K), 1 survivors (1024K)
 Metaspace       used 31334K, capacity 31772K, committed 32000K, reserved 1077248K
  class space    used 3327K, capacity 3460K, committed 3584K, reserved 1048576K
}
Event: 11674.123 GC heap after
{Heap after GC invocations=651 (full 0):
 garbage-first heap   total 236544K, used 26324K [0x0000000741400000, 0x0000000800000000)
  region size 1024K, 1 young (1024K), 1 survivors (1024K)
 Metaspace       used 31334K, capacity 31772K, committed 32000K, reserved 1077248K
  class space    used 3327K, capacity 3460K, committed 3584K, reserved 1048576K
}

Deoptimization events (20 events):
Event: 1839.950 Thread 0x000001dbd4e47000 DEOPT PACKING pc=0x000001dbbb97e49f sp=0x00000025574ff2e0
Event: 1839.950 Thread 0x000001dbd4e47000 DEOPT UNPACKING pc=0x000001dbba91a95e sp=0x00000025574fe918 mode 0
Event: 1959.790 Thread 0x000001dbd4e47000 Uncommon trap: trap_request=0xffffff4d fr.pc=0x000001dbc2757724 relative=0x0000000000001bc4
Event: 1959.790 Thread 0x000001dbd4e47000 Uncommon trap: reason=unstable_if action=reinterpret pc=0x000001dbc2757724 method=com.badlogic.gdx.backends.lwjgl.LwjglApplication.mainLoop()V @ 103 c2
Event: 1959.790 Thread 0x000001dbd4e47000 DEOPT PACKING pc=0x000001dbc2757724 sp=0x00000025574ff470
Event: 1959.790 Thread 0x000001dbd4e47000 DEOPT UNPACKING pc=0x000001dbba91a1af sp=0x00000025574ff420 mode 2
Event: 2898.606 Thread 0x000001dbd4e47000 DEOPT PACKING pc=0x000001dbbb993daf sp=0x00000025574ff2e0
Event: 2898.606 Thread 0x000001dbd4e47000 DEOPT UNPACKING pc=0x000001dbba91a95e sp=0x00000025574fe918 mode 0
Event: 3695.525 Thread 0x000001dbd4e47000 Uncommon trap: trap_request=0xffffff4d fr.pc=0x000001dbc274c7a8 relative=0x00000000000005a8
Event: 3695.525 Thread 0x000001dbd4e47000 Uncommon trap: reason=unstable_if action=reinterpret pc=0x000001dbc274c7a8 method=org.lwjgl.input.Keyboard.readNext(Lorg/lwjgl/input/Keyboard$KeyEvent;)Z @ 6 c2
Event: 3695.525 Thread 0x000001dbd4e47000 DEOPT PACKING pc=0x000001dbc274c7a8 sp=0x00000025574ff410
Event: 3695.525 Thread 0x000001dbd4e47000 DEOPT UNPACKING pc=0x000001dbba91a1af sp=0x00000025574ff2c0 mode 2
Event: 3695.525 Thread 0x000001dbd4e47000 Uncommon trap: trap_request=0xffffff4d fr.pc=0x000001dbc274f9d8 relative=0x0000000000000738
Event: 3695.525 Thread 0x000001dbd4e47000 Uncommon trap: reason=unstable_if action=reinterpret pc=0x000001dbc274f9d8 method=com.badlogic.gdx.backends.lwjgl.LwjglInput.processEvents()V @ 32 c2
Event: 3695.525 Thread 0x000001dbd4e47000 DEOPT PACKING pc=0x000001dbc274f9d8 sp=0x00000025574ff3d0
Event: 3695.525 Thread 0x000001dbd4e47000 DEOPT UNPACKING pc=0x000001dbba91a1af sp=0x00000025574ff380 mode 2
Event: 3695.675 Thread 0x000001dbd4e47000 Uncommon trap: trap_request=0xffffff4d fr.pc=0x000001dbc274bdc8 relative=0x0000000000000188
Event: 3695.675 Thread 0x000001dbd4e47000 Uncommon trap: reason=unstable_if action=reinterpret pc=0x000001dbc274bdc8 method=org.lwjgl.input.Keyboard.readNext(Lorg/lwjgl/input/Keyboard$KeyEvent;)Z @ 6 c2
Event: 3695.675 Thread 0x000001dbd4e47000 DEOPT PACKING pc=0x000001dbc274bdc8 sp=0x00000025574ff390
Event: 3695.675 Thread 0x000001dbd4e47000 DEOPT UNPACKING pc=0x000001dbba91a1af sp=0x00000025574ff2b8 mode 2

Classes redefined (0 events):
No events

Internal exceptions (20 events):
Event: 10.999 Thread 0x000001dbb217c000 Exception <a 'java/io/FileNotFoundException'{0x000000074d898870}> (0x000000074d898870) thrown at [./src/hotspot/share/prims/jni.cpp, line 617]
Event: 11.001 Thread 0x000001dbb217c000 Exception <a 'java/io/FileNotFoundException'{0x000000074d8a22a0}> (0x000000074d8a22a0) thrown at [./src/hotspot/share/prims/jni.cpp, line 617]
Event: 11.010 Thread 0x000001dbb217c000 Exception <a 'java/io/FileNotFoundException'{0x000000074d8c2b48}> (0x000000074d8c2b48) thrown at [./src/hotspot/share/prims/jni.cpp, line 617]
Event: 11.012 Thread 0x000001dbb217c000 Exception <a 'java/io/FileNotFoundException'{0x000000074d8c9620}> (0x000000074d8c9620) thrown at [./src/hotspot/share/prims/jni.cpp, line 617]
Event: 11.020 Thread 0x000001dbb217c000 Exception <a 'java/io/FileNotFoundException'{0x000000074d71baa8}> (0x000000074d71baa8) thrown at [./src/hotspot/share/prims/jni.cpp, line 617]
Event: 11.530 Thread 0x000001dbb217c000 Exception <a 'java/lang/NoSuchMethodError'{0x000000074ed07370}: 'java.lang.Object java.lang.invoke.DirectMethodHandle$Holder.invokeStaticInit(java.lang.Object, int, int, int, int)'> (0x000000074ed07370) thrown at [./src/hotspot/share/interpreter/linkResolver.cpp, line 773]
Event: 11.827 Thread 0x000001dbb217c000 Exception <a 'java/lang/NoSuchMethodError'{0x000000074ed9fbd0}: 'java.lang.Object java.lang.invoke.DirectMethodHandle$Holder.invokeStaticInit(java.lang.Object, java.lang.Object, int, int, int, int)'> (0x000000074ed9fbd0) thrown at [./src/hotspot/share/interpreter/linkResolver.cpp, line 773]
Event: 11.853 Thread 0x000001dbb217c000 Exception <a 'java/security/PrivilegedActionException'{0x000000074ec55910}> (0x000000074ec55910) thrown at [./src/hotspot/share/prims/jvm.cpp, line 1306]
Event: 11.853 Thread 0x000001dbb217c000 Exception <a 'java/security/PrivilegedActionException'{0x000000074ec57058}> (0x000000074ec57058) thrown at [./src/hotspot/share/prims/jvm.cpp, line 1306]
Event: 11.853 Thread 0x000001dbb217c000 Exception <a 'java/security/PrivilegedActionException'{0x000000074ec586c0}> (0x000000074ec586c0) thrown at [./src/hotspot/share/prims/jvm.cpp, line 1306]
Event: 11.854 Thread 0x000001dbb217c000 Exception <a 'java/security/PrivilegedActionException'{0x000000074ec65050}> (0x000000074ec65050) thrown at [./src/hotspot/share/prims/jvm.cpp, line 1306]
Event: 11.854 Thread 0x000001dbb217c000 Exception <a 'java/security/PrivilegedActionException'{0x000000074ec666b0}> (0x000000074ec666b0) thrown at [./src/hotspot/share/prims/jvm.cpp, line 1306]
Event: 11.854 Thread 0x000001dbb217c000 Exception <a 'java/security/PrivilegedActionException'{0x000000074ec67cd0}> (0x000000074ec67cd0) thrown at [./src/hotspot/share/prims/jvm.cpp, line 1306]
Event: 11.996 Thread 0x000001dbb217c000 Exception <a 'java/lang/NoSuchMethodError'{0x000000074e730bf8}: <clinit>> (0x000000074e730bf8) thrown at [./src/hotspot/share/prims/jni.cpp, line 1367]
Event: 12.001 Thread 0x000001dbb217c000 Exception <a 'java/lang/NoSuchMethodError'{0x000000074e7465a0}: <clinit>> (0x000000074e7465a0) thrown at [./src/hotspot/share/prims/jni.cpp, line 1367]
Event: 12.005 Thread 0x000001dbb217c000 Exception <a 'java/lang/NoSuchMethodError'{0x000000074e75e1e8}: <clinit>> (0x000000074e75e1e8) thrown at [./src/hotspot/share/prims/jni.cpp, line 1367]
Event: 12.358 Thread 0x000001dbd4e47000 Exception <a 'java/lang/NoSuchMethodError'{0x000000074e4ff760}: 'int java.lang.invoke.DirectMethodHandle$Holder.invokeSpecialIFC(java.lang.Object, java.lang.Object, int)'> (0x000000074e4ff760) thrown at [./src/hotspot/share/interpreter/linkResolver.cpp, line 773]
Event: 21.570 Thread 0x000001dbd4e47000 Implicit null exception at 0x000001dbc2661158 to 0x000001dbc26613a4
Event: 26.911 Thread 0x000001dbd4e47000 Implicit null exception at 0x000001dbc26592b7 to 0x000001dbc2659641
Event: 26.911 Thread 0x000001dbd4e47000 Implicit null exception at 0x000001dbc265832c to 0x000001dbc26583c0

Events (20 events):
Event: 11510.211 Executing VM operation: G1CollectForAllocation
Event: 11510.212 Executing VM operation: G1CollectForAllocation done
Event: 11528.411 Executing VM operation: G1CollectForAllocation
Event: 11528.412 Executing VM operation: G1CollectForAllocation done
Event: 11546.559 Executing VM operation: G1CollectForAllocation
Event: 11546.561 Executing VM operation: G1CollectForAllocation done
Event: 11564.794 Executing VM operation: G1CollectForAllocation
Event: 11564.795 Executing VM operation: G1CollectForAllocation done
Event: 11583.059 Executing VM operation: G1CollectForAllocation
Event: 11583.063 Executing VM operation: G1CollectForAllocation done
Event: 11601.227 Executing VM operation: G1CollectForAllocation
Event: 11601.228 Executing VM operation: G1CollectForAllocation done
Event: 11619.557 Executing VM operation: G1CollectForAllocation
Event: 11619.558 Executing VM operation: G1CollectForAllocation done
Event: 11637.758 Executing VM operation: G1CollectForAllocation
Event: 11637.760 Executing VM operation: G1CollectForAllocation done
Event: 11655.906 Executing VM operation: G1CollectForAllocation
Event: 11655.906 Executing VM operation: G1CollectForAllocation done
Event: 11674.122 Executing VM operation: G1CollectForAllocation
Event: 11674.123 Executing VM operation: G1CollectForAllocation done


Dynamic libraries:
0x00007ff7e38e0000 - 0x00007ff7e38ed000 	C:\Program Files\Eclipse Adoptium\jdk-11.0.16.101-hotspot\bin\javaw.exe
0x00007ffec3c70000 - 0x00007ffec3e68000 	C:\WINDOWS\SYSTEM32\ntdll.dll
0x00007ffe9dbc0000 - 0x00007ffe9dbd7000 	C:\Program Files\AVG\Antivirus\aswhook.dll
0x00007ffec2e90000 - 0x00007ffec2f4d000 	C:\WINDOWS\System32\KERNEL32.DLL
0x00007ffec1910000 - 0x00007ffec1bde000 	C:\WINDOWS\System32\KERNELBASE.dll
0x00007ffec1580000 - 0x00007ffec1680000 	C:\WINDOWS\System32\ucrtbase.dll
0x00007ffeb0b50000 - 0x00007ffeb0b67000 	C:\Program Files\Eclipse Adoptium\jdk-11.0.16.101-hotspot\bin\jli.dll
0x00007ffec2b00000 - 0x00007ffec2ca0000 	C:\WINDOWS\System32\USER32.dll
0x00007ffec1680000 - 0x00007ffec16a2000 	C:\WINDOWS\System32\win32u.dll
0x00007ffec2940000 - 0x00007ffec296a000 	C:\WINDOWS\System32\GDI32.dll
0x00007ffec16b0000 - 0x00007ffec17bb000 	C:\WINDOWS\System32\gdi32full.dll
0x00007ffec1c30000 - 0x00007ffec1ccd000 	C:\WINDOWS\System32\msvcp_win.dll
0x00007ffeb0b30000 - 0x00007ffeb0b45000 	C:\Program Files\Eclipse Adoptium\jdk-11.0.16.101-hotspot\bin\VCRUNTIME140.dll
0x00007ffeabef0000 - 0x00007ffeac18a000 	C:\WINDOWS\WinSxS\amd64_microsoft.windows.common-controls_6595b64144ccf1df_6.0.19041.1110_none_60b5254171f9507e\COMCTL32.dll
0x00007ffec2a50000 - 0x00007ffec2aee000 	C:\WINDOWS\System32\msvcrt.dll
0x00007ffec2e60000 - 0x00007ffec2e90000 	C:\WINDOWS\System32\IMM32.DLL
0x00007ffe8b2f0000 - 0x00007ffe8b38b000 	C:\Program Files\Eclipse Adoptium\jdk-11.0.16.101-hotspot\bin\msvcp140.dll
0x00007ffe79a90000 - 0x00007ffe7a612000 	C:\Program Files\Eclipse Adoptium\jdk-11.0.16.101-hotspot\bin\server\jvm.dll
0x00007ffec2d20000 - 0x00007ffec2dce000 	C:\WINDOWS\System32\ADVAPI32.dll
0x00007ffec20a0000 - 0x00007ffec213c000 	C:\WINDOWS\System32\sechost.dll
0x00007ffec2790000 - 0x00007ffec28b5000 	C:\WINDOWS\System32\RPCRT4.dll
0x00007ffec2af0000 - 0x00007ffec2af8000 	C:\WINDOWS\System32\PSAPI.DLL
0x00007ffeb39c0000 - 0x00007ffeb39c9000 	C:\WINDOWS\SYSTEM32\WSOCK32.dll
0x00007ffea6c60000 - 0x00007ffea6c87000 	C:\WINDOWS\SYSTEM32\WINMM.dll
0x00007ffec29e0000 - 0x00007ffec2a4b000 	C:\WINDOWS\System32\WS2_32.dll
0x00007ffeb45b0000 - 0x00007ffeb45ba000 	C:\WINDOWS\SYSTEM32\VERSION.dll
0x00007ffebfc60000 - 0x00007ffebfc72000 	C:\WINDOWS\SYSTEM32\kernel.appcore.dll
0x00007ffebcbf0000 - 0x00007ffebcc00000 	C:\Program Files\Eclipse Adoptium\jdk-11.0.16.101-hotspot\bin\verify.dll
0x00007ffebf950000 - 0x00007ffebfb34000 	C:\WINDOWS\SYSTEM32\DBGHELP.DLL
0x00007ffeb33c0000 - 0x00007ffeb33ec000 	C:\WINDOWS\SYSTEM32\dbgcore.DLL
0x00007ffec14f0000 - 0x00007ffec1572000 	C:\WINDOWS\System32\bcryptPrimitives.dll
0x00007ffea7750000 - 0x00007ffea7778000 	C:\Program Files\Eclipse Adoptium\jdk-11.0.16.101-hotspot\bin\java.dll
0x00007ffebcb90000 - 0x00007ffebcb9a000 	C:\Program Files\Eclipse Adoptium\jdk-11.0.16.101-hotspot\bin\jimage.dll
0x00007ffea3180000 - 0x00007ffea3198000 	C:\Program Files\Eclipse Adoptium\jdk-11.0.16.101-hotspot\bin\zip.dll
0x00007ffec3120000 - 0x00007ffec3863000 	C:\WINDOWS\System32\SHELL32.dll
0x00007ffebf0b0000 - 0x00007ffebf845000 	C:\WINDOWS\SYSTEM32\windows.storage.dll
0x00007ffec38d0000 - 0x00007ffec3c24000 	C:\WINDOWS\System32\combase.dll
0x00007ffec0d20000 - 0x00007ffec0d50000 	C:\WINDOWS\SYSTEM32\Wldp.dll
0x00007ffec3070000 - 0x00007ffec311d000 	C:\WINDOWS\System32\SHCORE.dll
0x00007ffec3870000 - 0x00007ffec38c5000 	C:\WINDOWS\System32\shlwapi.dll
0x00007ffec12d0000 - 0x00007ffec12ef000 	C:\WINDOWS\SYSTEM32\profapi.dll
0x00007ffea30a0000 - 0x00007ffea30b9000 	C:\Program Files\Eclipse Adoptium\jdk-11.0.16.101-hotspot\bin\net.dll
0x00007ffeb8f20000 - 0x00007ffeb902a000 	C:\WINDOWS\SYSTEM32\WINHTTP.dll
0x00007ffec0a80000 - 0x00007ffec0aea000 	C:\WINDOWS\system32\mswsock.dll
0x00007ffea3080000 - 0x00007ffea3093000 	C:\Program Files\Eclipse Adoptium\jdk-11.0.16.101-hotspot\bin\nio.dll
0x00007ffec0800000 - 0x00007ffec08ca000 	C:\WINDOWS\SYSTEM32\DNSAPI.dll
0x00007ffec0770000 - 0x00007ffec07ab000 	C:\WINDOWS\SYSTEM32\IPHLPAPI.DLL
0x00007ffec1cd0000 - 0x00007ffec1cd8000 	C:\WINDOWS\System32\NSI.dll
0x0000000069030000 - 0x0000000069056000 	C:\Program Files\Bonjour\mdnsNSP.dll
0x00007ffeb8840000 - 0x00007ffeb884a000 	C:\Windows\System32\rasadhlp.dll
0x00007ffeb7ea0000 - 0x00007ffeb7f20000 	C:\WINDOWS\System32\fwpuclnt.dll
0x00007ffec1830000 - 0x00007ffec1857000 	C:\WINDOWS\System32\bcrypt.dll
0x0000000065580000 - 0x0000000065616000 	C:\Users\bauti\AppData\Local\Temp\libgdxBauti\12dfaa03\gdx64.dll
0x00007ffec0c70000 - 0x00007ffec0c88000 	C:\WINDOWS\SYSTEM32\CRYPTSP.dll
0x00007ffec0400000 - 0x00007ffec0434000 	C:\WINDOWS\system32\rsaenh.dll
0x00007ffec1250000 - 0x00007ffec127e000 	C:\WINDOWS\SYSTEM32\USERENV.dll
0x00007ffec0c90000 - 0x00007ffec0c9c000 	C:\WINDOWS\SYSTEM32\CRYPTBASE.dll
0x00007ffebaa20000 - 0x00007ffebaa37000 	C:\WINDOWS\SYSTEM32\dhcpcsvc6.DLL
0x00007ffebb6e0000 - 0x00007ffebb6fd000 	C:\WINDOWS\SYSTEM32\dhcpcsvc.DLL
0x0000000180000000 - 0x0000000180053000 	C:\Users\bauti\AppData\Local\Temp\libgdxBauti\dc0f0009\lwjgl64.dll
0x00007ffeb0140000 - 0x00007ffeb0267000 	C:\WINDOWS\SYSTEM32\OPENGL32.dll
0x00007ffeb3c30000 - 0x00007ffeb3c5c000 	C:\WINDOWS\SYSTEM32\GLU32.dll
0x000001dbd7620000 - 0x000001dbd7684000 	C:\Users\bauti\AppData\Local\Temp\libgdxBauti\dc0f0009\OpenAL64.dll
0x00007ffec2660000 - 0x00007ffec278a000 	C:\WINDOWS\System32\ole32.dll
0x00007ffebe9f0000 - 0x00007ffebea8e000 	C:\WINDOWS\system32\uxtheme.dll
0x00007ffec2140000 - 0x00007ffec21e9000 	C:\WINDOWS\System32\clbcatq.dll
0x00007ffe8d410000 - 0x00007ffe8d4ac000 	C:\WINDOWS\SYSTEM32\dsound.dll
0x00007ffec1200000 - 0x00007ffec124b000 	C:\WINDOWS\SYSTEM32\powrprof.dll
0x00007ffe87c60000 - 0x00007ffe87c86000 	C:\WINDOWS\SYSTEM32\winmmbase.dll
0x00007ffec11e0000 - 0x00007ffec11f2000 	C:\WINDOWS\SYSTEM32\UMPDC.dll
0x00007ffeb8ab0000 - 0x00007ffeb8b35000 	C:\WINDOWS\System32\MMDevApi.dll
0x00007ffec10d0000 - 0x00007ffec10fc000 	C:\WINDOWS\System32\DEVOBJ.dll
0x00007ffec1be0000 - 0x00007ffec1c2e000 	C:\WINDOWS\System32\cfgmgr32.dll
0x00007ffeb8b40000 - 0x00007ffeb8cc2000 	C:\WINDOWS\SYSTEM32\AUDIOSES.DLL
0x00007ffec1f70000 - 0x00007ffec203d000 	C:\WINDOWS\System32\OLEAUT32.dll
0x00007ffebebf0000 - 0x00007ffebec04000 	C:\WINDOWS\SYSTEM32\resourcepolicyclient.dll
0x00007ffebae10000 - 0x00007ffebaebe000 	C:\WINDOWS\SYSTEM32\mscms.dll
0x00007ffebac40000 - 0x00007ffebac51000 	C:\WINDOWS\SYSTEM32\ColorAdapterClient.dll
0x00007ffec2f50000 - 0x00007ffec3065000 	C:\WINDOWS\System32\MSCTF.dll
0x00007ffebba30000 - 0x00007ffebbb27000 	C:\Windows\System32\AppXDeploymentClient.dll
0x00007ffe77d60000 - 0x00007ffe78c7a000 	C:\WINDOWS\System32\DriverStore\FileRepository\ki135422.inf_amd64_819df826076efbf4\ig9icd64.dll
0x00007ffebeae0000 - 0x00007ffebeb0f000 	C:\WINDOWS\system32\dwmapi.dll
0x00007ffebfde0000 - 0x00007ffebfed3000 	C:\WINDOWS\system32\dxgi.dll
0x00007ffeb7f20000 - 0x00007ffeb7f5b000 	C:\WINDOWS\SYSTEM32\dxcore.dll
0x00007ffeb3550000 - 0x00007ffeb3649000 	C:\WINDOWS\SYSTEM32\textinputframework.dll
0x00007ffebe390000 - 0x00007ffebe6ee000 	C:\WINDOWS\System32\CoreUIComponents.dll
0x00007ffebe6f0000 - 0x00007ffebe7e2000 	C:\WINDOWS\System32\CoreMessaging.dll
0x00007ffec0060000 - 0x00007ffec0093000 	C:\WINDOWS\SYSTEM32\ntmarta.dll
0x00007ffebe040000 - 0x00007ffebe194000 	C:\WINDOWS\SYSTEM32\wintypes.dll
0x00007ffeb0ae0000 - 0x00007ffeb0b23000 	C:\WINDOWS\SYSTEM32\icm32.dll
0x00007ffeb6a10000 - 0x00007ffeb6bb4000 	C:\WINDOWS\System32\DriverStore\FileRepository\ki135422.inf_amd64_819df826076efbf4\igdgmm64.dll
0x00007ffeb45c0000 - 0x00007ffeb6a09000 	C:\WINDOWS\System32\DriverStore\FileRepository\ki135422.inf_amd64_819df826076efbf4\igc64.dll

dbghelp: loaded successfully - version: 4.0.5 - missing functions: none
symbol engine: initialized successfully - sym options: 0x614 - pdb path: .;C:\Program Files\Eclipse Adoptium\jdk-11.0.16.101-hotspot\bin;C:\WINDOWS\SYSTEM32;C:\Program Files\AVG\Antivirus;C:\WINDOWS\WinSxS\amd64_microsoft.windows.common-controls_6595b64144ccf1df_6.0.19041.1110_none_60b5254171f9507e;C:\Program Files\Eclipse Adoptium\jdk-11.0.16.101-hotspot\bin\server;C:\Program Files\Bonjour;C:\Users\bauti\AppData\Local\Temp\libgdxBauti\12dfaa03;C:\Users\bauti\AppData\Local\Temp\libgdxBauti\dc0f0009;C:\WINDOWS\System32\DriverStore\FileRepository\ki135422.inf_amd64_819df826076efbf4

VM Arguments:
jvm_args: -Duser.language=es_AR -Dfile.encoding=UTF-8 
java_command: org.uqbar.project.wollok.launch.WollokLauncher -r -dd -requestsPort 0 -eventsPort 0 -dynamicDiagramPort 49593 -folder -wf src/juego.wlk
java_class_path (initial): C:\Users\bauti\git\2022-tpgame-tridentemsb\bin;C:\plugins\com.ibm.icu_64.2.0.v20190507-1337.jar;C:\plugins\org.eclipse.xtext_2.20.0.v20191202-0915.jar;C:\plugins\org.eclipse.emf.ecore.xmi_2.16.0.v20190528-0725.jar;C:\plugins\org.eclipse.emf.ecore_2.20.0.v20190920-0401.jar;C:\plugins\org.eclipse.emf.common_2.17.0.v20190920-0401.jar;C:\plugins\org.antlr.runtime_3.2.0.v201101311130.jar;C:\plugins\com.google.inject_3.0.0.v201605172100.jar;C:\plugins\org.eclipse.emf.mwe.core_1.5.1.v20191121-1148.jar;C:\plugins\org.apache.commons.cli_1.2.0.v201404270220.jar;C:\plugins\org.eclipse.emf.mwe2.runtime_2.11.1.v20191121-1148.jar;C:\plugins\org.eclipse.emf.mwe.utils_1.5.1.v20191121-1148.jar;C:\plugins\org.eclipse.xtext.util_2.20.0.v20191202-0915.jar;C:\plugins\com.google.guava_27.1.0.v20190517-1946.jar;C:\plugins\javax.inject_1.0.0.v20091030.jar;C:\plugins\org.eclipse.xtext.generator_2.20.0.v20191202-0933.jar;C:\plugins\org.eclipse.xtext.xtext.generator_2.20.0.v20191202-0915.jar;C:\plugins\org.eclipse.xtext.xbase.lib_2.20.0.v20191202-0907.jar;C:\plugins\org.eclipse.emf.codegen.ecore_2.20.0.v20191012-0918.jar;C:\plugins\org.eclipse.emf.codegen_2.19.0.v20190821-1536.jar;C:\plugins\org.eclipse.xtend_2.2.0.v201605260315.jar;C:\plugins\org.eclipse.xpand_2.2.0.v201605260315.jar;C:\plugins\org.eclipse.xtend.typesystem.emf_2.2.0.v201605260315.jar;C:\plugins\org.uqbar.project.wollok_3.0.0.jar;C:\plugins\org.eclipse.xtext.xbase_2.20.0.v20191202-0933.jar;C:\plugins\org.eclipse.xtext.common.types_2.20.0.v20191202-0933.jar;C:\plugins\org.eclipse.xtend.lib_2.20.0.v20191202-0907.jar;C:\plugins\org.eclipse.xtend.lib.macro_2.20.0.v20191202-0907.jar;C:\plugins\org.apache.commons.collections_3.2.2.v201511171945.jar;C:\plugins\org.uqbar.project.wollok.launch_3.0.0.jar;C:\workspace\.metadata\.plugins\org.eclipse.pde.core\.external_libraries\org.uqbar.project.wollok.launch_3.0.0\lib\lipermi-0-4-2.jar;C:\workspace\.metadata\.plugins\org.eclipse.pde.core\.external_libraries\
Launcher Type: SUN_STANDARD

[Global flags]
     intx CICompilerCount                          = 3                                         {product} {ergonomic}
     uint ConcGCThreads                            = 1                                         {product} {ergonomic}
     uint G1ConcRefinementThreads                  = 4                                         {product} {ergonomic}
   size_t G1HeapRegionSize                         = 1048576                                   {product} {ergonomic}
    uintx GCDrainStackTargetSize                   = 64                                        {product} {ergonomic}
   size_t InitialHeapSize                          = 201326592                                 {product} {ergonomic}
   size_t MarkStackSize                            = 4194304                                   {product} {ergonomic}
   size_t MaxHeapSize                              = 3200253952                                {product} {ergonomic}
   size_t MaxNewSize                               = 1919942656                                {product} {ergonomic}
   size_t MinHeapDeltaBytes                        = 1048576                                   {product} {ergonomic}
    uintx NonNMethodCodeHeapSize                   = 5830732                                {pd product} {ergonomic}
    uintx NonProfiledCodeHeapSize                  = 122913754                              {pd product} {ergonomic}
    uintx ProfiledCodeHeapSize                     = 122913754                              {pd product} {ergonomic}
    uintx ReservedCodeCacheSize                    = 251658240                              {pd product} {ergonomic}
     bool SegmentedCodeCache                       = true                                      {product} {ergonomic}
     bool UseCompressedClassPointers               = true                                 {lp64_product} {ergonomic}
     bool UseCompressedOops                        = true                                 {lp64_product} {ergonomic}
     bool UseG1GC                                  = true                                      {product} {ergonomic}
     bool UseLargePagesIndividualAllocation        = false                                  {pd product} {ergonomic}

Logging:
Log output configuration:
 #0: stdout all=warning uptime,level,tags
 #1: stderr all=off uptime,level,tags

Environment Variables:
PATH=C:/Program Files/Eclipse Adoptium/jdk-11.0.16.101-hotspot/bin/client;C:/Program Files/Eclipse Adoptium/jdk-11.0.16.101-hotspot/bin;C:\Program Files\Eclipse Adoptium\jdk-11.0.16.101-hotspot\bin;C:\Program Files (x86)\Intel\iCLS Client\;C:\Program Files\Intel\iCLS Client\;C:\WINDOWS\system32;C:\WINDOWS;C:\WINDOWS\System32\Wbem;C:\WINDOWS\System32\WindowsPowerShell\v1.0\;C:\Program Files (x86)\Intel\Intel(R) Management Engine Components\DAL;C:\Program Files\Intel\Intel(R) Management Engine Components\DAL;C:\Program Files (x86)\Intel\Intel(R) Management Engine Components\IPT;C:\Program Files\Intel\Intel(R) Management Engine Components\IPT;C:\WINDOWS\System32\OpenSSH\;C:\Program Files\dotnet\;C:\Program Files\swipl\bin;C:\Users\bauti\AppData\Roaming\local\bin;C:\Users\bauti\AppData\Local\Microsoft\WindowsApps;C:\Users\bauti\AppData\Local\Programs\Microsoft VS Code\bin;C:\Users\bauti\AppData\Local\Programs\Git\cmd;C:\msys64\mingw64\bin;;C:\;
USERNAME=Bauti
OS=Windows_NT
PROCESSOR_IDENTIFIER=Intel64 Family 6 Model 142 Stepping 9, GenuineIntel
TMP=C:\Users\bauti\AppData\Local\Temp
TEMP=C:\Users\bauti\AppData\Local\Temp



---------------  S Y S T E M  ---------------

OS: Windows 10 , 64 bit Build 19041 (10.0.19041.1889)
OS uptime: 4 days 0:00 hours

CPU:total 4 (initial active 4) (2 cores per cpu, 2 threads per core) family 6 model 142 stepping 9 microcode 0xb4, cmov, cx8, fxsr, mmx, sse, sse2, sse3, ssse3, sse4.1, sse4.2, popcnt, avx, avx2, aes, clmul, erms, 3dnowpref, lzcnt, ht, tsc, tscinvbit, bmi1, bmi2, adx, fma

Memory: 4k page, system-wide physical 12204M (6422M free)
TotalPageFile size 23980M (AvailPageFile size 12113M)
current process WorkingSet (physical memory assigned to process): 521M, peak: 3274M
current process commit charge ("private bytes"): 740M, peak: 6386M

vm_info: OpenJDK 64-Bit Server VM (11.0.16.1+1) for windows-amd64 JRE (11.0.16.1+1), built on Aug 16 2022 02:58:04 by "" with MS VC++ 15.9 (VS2017)

END.
